0 info it worked if it ends with ok
1 verbose cli [ '/usr/local/bin/node',
1 verbose cli   '/usr/local/bin/npm',
1 verbose cli   'i',
1 verbose cli   '--save',
1 verbose cli   'body-parser' ]
2 info using npm@3.8.3
3 info using node@v5.10.1
4 silly loadCurrentTree Starting
5 silly install loadCurrentTree
6 silly install readLocalPackageData
7 silly fetchPackageMetaData body-parser
8 silly fetchNamedPackageData body-parser
9 silly mapToRegistry name body-parser
10 silly mapToRegistry using default registry
11 silly mapToRegistry registry https://registry.npmjs.org/
12 silly mapToRegistry data Result {
12 silly mapToRegistry   raw: 'body-parser',
12 silly mapToRegistry   scope: null,
12 silly mapToRegistry   name: 'body-parser',
12 silly mapToRegistry   rawSpec: '',
12 silly mapToRegistry   spec: 'latest',
12 silly mapToRegistry   type: 'tag' }
13 silly mapToRegistry uri https://registry.npmjs.org/body-parser
14 verbose request uri https://registry.npmjs.org/body-parser
15 verbose request no auth needed
16 info attempt registry request try #1 at 12:02:21 PM
17 verbose request id 6fee6aeaceadd5a8
18 verbose etag "5CEZ2GDIDSZ7AT02U9JJPDC6F"
19 http request GET https://registry.npmjs.org/body-parser
20 http 304 https://registry.npmjs.org/body-parser
21 verbose headers { date: 'Sun, 26 Jun 2016 19:02:00 GMT',
21 verbose headers   via: '1.1 varnish',
21 verbose headers   'cache-control': 'max-age=300',
21 verbose headers   etag: '"5CEZ2GDIDSZ7AT02U9JJPDC6F"',
21 verbose headers   age: '0',
21 verbose headers   connection: 'keep-alive',
21 verbose headers   'x-served-by': 'cache-lax1434-LAX',
21 verbose headers   'x-cache': 'HIT',
21 verbose headers   'x-cache-hits': '1',
21 verbose headers   'x-timer': 'S1466967720.514656,VS0,VE0',
21 verbose headers   vary: 'Accept-Encoding' }
22 silly get cb [ 304,
22 silly get   { date: 'Sun, 26 Jun 2016 19:02:00 GMT',
22 silly get     via: '1.1 varnish',
22 silly get     'cache-control': 'max-age=300',
22 silly get     etag: '"5CEZ2GDIDSZ7AT02U9JJPDC6F"',
22 silly get     age: '0',
22 silly get     connection: 'keep-alive',
22 silly get     'x-served-by': 'cache-lax1434-LAX',
22 silly get     'x-cache': 'HIT',
22 silly get     'x-cache-hits': '1',
22 silly get     'x-timer': 'S1466967720.514656,VS0,VE0',
22 silly get     vary: 'Accept-Encoding' } ]
23 verbose etag https://registry.npmjs.org/body-parser from cache
24 verbose get saving body-parser to /Users/KiddFeral/.npm/registry.npmjs.org/body-parser/.cache.json
25 verbose correctMkdir /Users/KiddFeral/.npm correctMkdir not in flight; initializing
26 silly install normalizeTree
27 silly loadCurrentTree Finishing
28 silly loadIdealTree Starting
29 silly install loadIdealTree
30 silly cloneCurrentTree Starting
31 silly install cloneCurrentTreeToIdealTree
32 silly cloneCurrentTree Finishing
33 silly loadShrinkwrap Starting
34 silly install loadShrinkwrap
35 silly loadShrinkwrap Finishing
36 silly loadAllDepsIntoIdealTree Starting
37 silly install loadAllDepsIntoIdealTree
38 silly resolveWithNewModule body-parser@1.15.2 checking installable status
39 silly cache add args [ 'body-parser', null ]
40 verbose cache add spec body-parser
41 silly cache add parsed spec Result {
41 silly cache add   raw: 'body-parser',
41 silly cache add   scope: null,
41 silly cache add   name: 'body-parser',
41 silly cache add   rawSpec: '',
41 silly cache add   spec: 'latest',
41 silly cache add   type: 'tag' }
42 silly addNamed body-parser@latest
43 verbose addNamed "latest" is being treated as a dist-tag for body-parser
44 info addNameTag [ 'body-parser', 'latest' ]
45 silly mapToRegistry name body-parser
46 silly mapToRegistry using default registry
47 silly mapToRegistry registry https://registry.npmjs.org/
48 silly mapToRegistry data Result {
48 silly mapToRegistry   raw: 'body-parser',
48 silly mapToRegistry   scope: null,
48 silly mapToRegistry   name: 'body-parser',
48 silly mapToRegistry   rawSpec: '',
48 silly mapToRegistry   spec: 'latest',
48 silly mapToRegistry   type: 'tag' }
49 silly mapToRegistry uri https://registry.npmjs.org/body-parser
50 verbose addNameTag registry:https://registry.npmjs.org/body-parser not in flight; fetching
51 verbose get https://registry.npmjs.org/body-parser not expired, no request
52 silly addNameTag next cb for body-parser with tag latest
53 silly addNamed body-parser@1.15.2
54 verbose addNamed "1.15.2" is a plain semver version for body-parser
55 silly cache afterAdd body-parser@1.15.2
56 verbose afterAdd /Users/KiddFeral/.npm/body-parser/1.15.2/package/package.json not in flight; writing
57 verbose correctMkdir /Users/KiddFeral/.npm correctMkdir not in flight; initializing
58 verbose afterAdd /Users/KiddFeral/.npm/body-parser/1.15.2/package/package.json written
59 silly fetchNamedPackageData bytes
60 silly mapToRegistry name bytes
61 silly mapToRegistry using default registry
62 silly mapToRegistry registry https://registry.npmjs.org/
63 silly mapToRegistry data Result {
63 silly mapToRegistry   raw: 'bytes',
63 silly mapToRegistry   scope: null,
63 silly mapToRegistry   name: 'bytes',
63 silly mapToRegistry   rawSpec: '',
63 silly mapToRegistry   spec: 'latest',
63 silly mapToRegistry   type: 'tag' }
64 silly mapToRegistry uri https://registry.npmjs.org/bytes
65 silly fetchNamedPackageData content-type
66 silly mapToRegistry name content-type
67 silly mapToRegistry using default registry
68 silly mapToRegistry registry https://registry.npmjs.org/
69 silly mapToRegistry data Result {
69 silly mapToRegistry   raw: 'content-type',
69 silly mapToRegistry   scope: null,
69 silly mapToRegistry   name: 'content-type',
69 silly mapToRegistry   rawSpec: '',
69 silly mapToRegistry   spec: 'latest',
69 silly mapToRegistry   type: 'tag' }
70 silly mapToRegistry uri https://registry.npmjs.org/content-type
71 silly fetchNamedPackageData http-errors
72 silly mapToRegistry name http-errors
73 silly mapToRegistry using default registry
74 silly mapToRegistry registry https://registry.npmjs.org/
75 silly mapToRegistry data Result {
75 silly mapToRegistry   raw: 'http-errors',
75 silly mapToRegistry   scope: null,
75 silly mapToRegistry   name: 'http-errors',
75 silly mapToRegistry   rawSpec: '',
75 silly mapToRegistry   spec: 'latest',
75 silly mapToRegistry   type: 'tag' }
76 silly mapToRegistry uri https://registry.npmjs.org/http-errors
77 silly fetchNamedPackageData iconv-lite
78 silly mapToRegistry name iconv-lite
79 silly mapToRegistry using default registry
80 silly mapToRegistry registry https://registry.npmjs.org/
81 silly mapToRegistry data Result {
81 silly mapToRegistry   raw: 'iconv-lite',
81 silly mapToRegistry   scope: null,
81 silly mapToRegistry   name: 'iconv-lite',
81 silly mapToRegistry   rawSpec: '',
81 silly mapToRegistry   spec: 'latest',
81 silly mapToRegistry   type: 'tag' }
82 silly mapToRegistry uri https://registry.npmjs.org/iconv-lite
83 silly fetchNamedPackageData qs
84 silly mapToRegistry name qs
85 silly mapToRegistry using default registry
86 silly mapToRegistry registry https://registry.npmjs.org/
87 silly mapToRegistry data Result {
87 silly mapToRegistry   raw: 'qs',
87 silly mapToRegistry   scope: null,
87 silly mapToRegistry   name: 'qs',
87 silly mapToRegistry   rawSpec: '',
87 silly mapToRegistry   spec: 'latest',
87 silly mapToRegistry   type: 'tag' }
88 silly mapToRegistry uri https://registry.npmjs.org/qs
89 silly fetchNamedPackageData raw-body
90 silly mapToRegistry name raw-body
91 silly mapToRegistry using default registry
92 silly mapToRegistry registry https://registry.npmjs.org/
93 silly mapToRegistry data Result {
93 silly mapToRegistry   raw: 'raw-body',
93 silly mapToRegistry   scope: null,
93 silly mapToRegistry   name: 'raw-body',
93 silly mapToRegistry   rawSpec: '',
93 silly mapToRegistry   spec: 'latest',
93 silly mapToRegistry   type: 'tag' }
94 silly mapToRegistry uri https://registry.npmjs.org/raw-body
95 silly fetchNamedPackageData type-is
96 silly mapToRegistry name type-is
97 silly mapToRegistry using default registry
98 silly mapToRegistry registry https://registry.npmjs.org/
99 silly mapToRegistry data Result {
99 silly mapToRegistry   raw: 'type-is',
99 silly mapToRegistry   scope: null,
99 silly mapToRegistry   name: 'type-is',
99 silly mapToRegistry   rawSpec: '',
99 silly mapToRegistry   spec: 'latest',
99 silly mapToRegistry   type: 'tag' }
100 silly mapToRegistry uri https://registry.npmjs.org/type-is
101 verbose request uri https://registry.npmjs.org/bytes
102 verbose request no auth needed
103 info attempt registry request try #1 at 12:02:22 PM
104 verbose etag "BMBDGGYOLISAROG8ZJ2Y0XA1Y"
105 http request GET https://registry.npmjs.org/bytes
106 verbose request uri https://registry.npmjs.org/http-errors
107 verbose request no auth needed
108 info attempt registry request try #1 at 12:02:22 PM
109 verbose etag "4Z3W8LC0PXE2O7VQR2Z1NDJMU"
110 http request GET https://registry.npmjs.org/http-errors
111 verbose request uri https://registry.npmjs.org/content-type
112 verbose request no auth needed
113 info attempt registry request try #1 at 12:02:22 PM
114 verbose etag "54SI4KXPU2JCNK86HYJVU5FOW"
115 http request GET https://registry.npmjs.org/content-type
116 verbose request uri https://registry.npmjs.org/raw-body
117 verbose request no auth needed
118 info attempt registry request try #1 at 12:02:22 PM
119 verbose etag "EAKGFN1HL1G9NY1RBLH4FGY2L"
120 http request GET https://registry.npmjs.org/raw-body
121 verbose request uri https://registry.npmjs.org/iconv-lite
122 verbose request no auth needed
123 info attempt registry request try #1 at 12:02:22 PM
124 verbose etag "2OF5SE8SA0ANCUQO2TS5T5437"
125 http request GET https://registry.npmjs.org/iconv-lite
126 http 304 https://registry.npmjs.org/bytes
127 verbose headers { date: 'Sun, 26 Jun 2016 19:02:01 GMT',
127 verbose headers   via: '1.1 varnish',
127 verbose headers   'cache-control': 'max-age=300',
127 verbose headers   etag: '"BMBDGGYOLISAROG8ZJ2Y0XA1Y"',
127 verbose headers   age: '86',
127 verbose headers   connection: 'keep-alive',
127 verbose headers   'x-served-by': 'cache-lax1434-LAX',
127 verbose headers   'x-cache': 'HIT',
127 verbose headers   'x-cache-hits': '1',
127 verbose headers   'x-timer': 'S1466967721.050391,VS0,VE0',
127 verbose headers   vary: 'Accept-Encoding' }
128 silly get cb [ 304,
128 silly get   { date: 'Sun, 26 Jun 2016 19:02:01 GMT',
128 silly get     via: '1.1 varnish',
128 silly get     'cache-control': 'max-age=300',
128 silly get     etag: '"BMBDGGYOLISAROG8ZJ2Y0XA1Y"',
128 silly get     age: '86',
128 silly get     connection: 'keep-alive',
128 silly get     'x-served-by': 'cache-lax1434-LAX',
128 silly get     'x-cache': 'HIT',
128 silly get     'x-cache-hits': '1',
128 silly get     'x-timer': 'S1466967721.050391,VS0,VE0',
128 silly get     vary: 'Accept-Encoding' } ]
129 verbose etag https://registry.npmjs.org/bytes from cache
130 verbose get saving bytes to /Users/KiddFeral/.npm/registry.npmjs.org/bytes/.cache.json
131 verbose correctMkdir /Users/KiddFeral/.npm correctMkdir not in flight; initializing
132 verbose request uri https://registry.npmjs.org/type-is
133 verbose request no auth needed
134 info attempt registry request try #1 at 12:02:22 PM
135 verbose etag "6MF2TP522BDBG0RWZVQFH30D1"
136 http request GET https://registry.npmjs.org/type-is
137 verbose request uri https://registry.npmjs.org/qs
138 verbose request no auth needed
139 info attempt registry request try #1 at 12:02:22 PM
140 verbose etag "7GFRDFKHTA98LGH1RG2YJ5622"
141 http request GET https://registry.npmjs.org/qs
142 http 304 https://registry.npmjs.org/type-is
143 verbose headers { date: 'Sun, 26 Jun 2016 19:02:01 GMT',
143 verbose headers   via: '1.1 varnish',
143 verbose headers   'cache-control': 'max-age=300',
143 verbose headers   etag: '"6MF2TP522BDBG0RWZVQFH30D1"',
143 verbose headers   age: '274',
143 verbose headers   connection: 'keep-alive',
143 verbose headers   'x-served-by': 'cache-lax1434-LAX',
143 verbose headers   'x-cache': 'HIT',
143 verbose headers   'x-cache-hits': '3',
143 verbose headers   'x-timer': 'S1466967721.097470,VS0,VE0',
143 verbose headers   vary: 'Accept-Encoding' }
144 silly get cb [ 304,
144 silly get   { date: 'Sun, 26 Jun 2016 19:02:01 GMT',
144 silly get     via: '1.1 varnish',
144 silly get     'cache-control': 'max-age=300',
144 silly get     etag: '"6MF2TP522BDBG0RWZVQFH30D1"',
144 silly get     age: '274',
144 silly get     connection: 'keep-alive',
144 silly get     'x-served-by': 'cache-lax1434-LAX',
144 silly get     'x-cache': 'HIT',
144 silly get     'x-cache-hits': '3',
144 silly get     'x-timer': 'S1466967721.097470,VS0,VE0',
144 silly get     vary: 'Accept-Encoding' } ]
145 verbose etag https://registry.npmjs.org/type-is from cache
146 verbose get saving type-is to /Users/KiddFeral/.npm/registry.npmjs.org/type-is/.cache.json
147 verbose correctMkdir /Users/KiddFeral/.npm correctMkdir not in flight; initializing
148 silly resolveWithNewModule bytes@2.4.0 checking installable status
149 silly cache add args [ 'bytes@2.4.0', null ]
150 verbose cache add spec bytes@2.4.0
151 silly cache add parsed spec Result {
151 silly cache add   raw: 'bytes@2.4.0',
151 silly cache add   scope: null,
151 silly cache add   name: 'bytes',
151 silly cache add   rawSpec: '2.4.0',
151 silly cache add   spec: '2.4.0',
151 silly cache add   type: 'version' }
152 silly addNamed bytes@2.4.0
153 verbose addNamed "2.4.0" is a plain semver version for bytes
154 silly mapToRegistry name bytes
155 silly mapToRegistry using default registry
156 silly mapToRegistry registry https://registry.npmjs.org/
157 silly mapToRegistry data Result {
157 silly mapToRegistry   raw: 'bytes',
157 silly mapToRegistry   scope: null,
157 silly mapToRegistry   name: 'bytes',
157 silly mapToRegistry   rawSpec: '',
157 silly mapToRegistry   spec: 'latest',
157 silly mapToRegistry   type: 'tag' }
158 silly mapToRegistry uri https://registry.npmjs.org/bytes
159 verbose addNameVersion registry:https://registry.npmjs.org/bytes not in flight; fetching
160 silly resolveWithNewModule type-is@1.6.13 checking installable status
161 silly cache add args [ 'type-is@~1.6.13', null ]
162 verbose cache add spec type-is@~1.6.13
163 silly cache add parsed spec Result {
163 silly cache add   raw: 'type-is@~1.6.13',
163 silly cache add   scope: null,
163 silly cache add   name: 'type-is',
163 silly cache add   rawSpec: '~1.6.13',
163 silly cache add   spec: '>=1.6.13 <1.7.0',
163 silly cache add   type: 'range' }
164 silly addNamed type-is@>=1.6.13 <1.7.0
165 verbose addNamed ">=1.6.13 <1.7.0" is a valid semver range for type-is
166 silly addNameRange { name: 'type-is', range: '>=1.6.13 <1.7.0', hasData: false }
167 silly mapToRegistry name type-is
168 silly mapToRegistry using default registry
169 silly mapToRegistry registry https://registry.npmjs.org/
170 silly mapToRegistry data Result {
170 silly mapToRegistry   raw: 'type-is',
170 silly mapToRegistry   scope: null,
170 silly mapToRegistry   name: 'type-is',
170 silly mapToRegistry   rawSpec: '',
170 silly mapToRegistry   spec: 'latest',
170 silly mapToRegistry   type: 'tag' }
171 silly mapToRegistry uri https://registry.npmjs.org/type-is
172 verbose addNameRange registry:https://registry.npmjs.org/type-is not in flight; fetching
173 verbose get https://registry.npmjs.org/bytes not expired, no request
174 verbose get https://registry.npmjs.org/type-is not expired, no request
175 silly addNameRange number 2 { name: 'type-is', range: '>=1.6.13 <1.7.0', hasData: true }
176 silly addNameRange versions [ 'type-is',
176 silly addNameRange   [ '1.0.0',
176 silly addNameRange     '1.0.1',
176 silly addNameRange     '1.1.0',
176 silly addNameRange     '1.2.0',
176 silly addNameRange     '1.2.1',
176 silly addNameRange     '1.2.2',
176 silly addNameRange     '1.3.0',
176 silly addNameRange     '1.3.1',
176 silly addNameRange     '1.3.2',
176 silly addNameRange     '1.4.0',
176 silly addNameRange     '1.5.0',
176 silly addNameRange     '1.5.1',
176 silly addNameRange     '1.5.2',
176 silly addNameRange     '1.5.3',
176 silly addNameRange     '1.5.4',
176 silly addNameRange     '1.5.5',
176 silly addNameRange     '1.5.6',
176 silly addNameRange     '1.5.7',
176 silly addNameRange     '1.6.0',
176 silly addNameRange     '1.6.1',
176 silly addNameRange     '1.6.2',
176 silly addNameRange     '1.6.3',
176 silly addNameRange     '1.6.4',
176 silly addNameRange     '1.6.5',
176 silly addNameRange     '1.6.6',
176 silly addNameRange     '1.6.7',
176 silly addNameRange     '1.6.8',
176 silly addNameRange     '1.6.9',
176 silly addNameRange     '1.6.10',
176 silly addNameRange     '1.6.11',
176 silly addNameRange     '1.6.12',
176 silly addNameRange     '1.6.13' ] ]
177 silly addNamed type-is@1.6.13
178 verbose addNamed "1.6.13" is a plain semver version for type-is
179 silly cache afterAdd bytes@2.4.0
180 verbose afterAdd /Users/KiddFeral/.npm/bytes/2.4.0/package/package.json not in flight; writing
181 verbose correctMkdir /Users/KiddFeral/.npm correctMkdir not in flight; initializing
182 http 304 https://registry.npmjs.org/raw-body
183 verbose headers { date: 'Sun, 26 Jun 2016 19:02:01 GMT',
183 verbose headers   via: '1.1 varnish',
183 verbose headers   'cache-control': 'max-age=300',
183 verbose headers   etag: '"EAKGFN1HL1G9NY1RBLH4FGY2L"',
183 verbose headers   age: '79',
183 verbose headers   connection: 'keep-alive',
183 verbose headers   'x-served-by': 'cache-lax1436-LAX',
183 verbose headers   'x-cache': 'HIT',
183 verbose headers   'x-cache-hits': '1',
183 verbose headers   'x-timer': 'S1466967721.164945,VS0,VE0',
183 verbose headers   vary: 'Accept-Encoding' }
184 silly get cb [ 304,
184 silly get   { date: 'Sun, 26 Jun 2016 19:02:01 GMT',
184 silly get     via: '1.1 varnish',
184 silly get     'cache-control': 'max-age=300',
184 silly get     etag: '"EAKGFN1HL1G9NY1RBLH4FGY2L"',
184 silly get     age: '79',
184 silly get     connection: 'keep-alive',
184 silly get     'x-served-by': 'cache-lax1436-LAX',
184 silly get     'x-cache': 'HIT',
184 silly get     'x-cache-hits': '1',
184 silly get     'x-timer': 'S1466967721.164945,VS0,VE0',
184 silly get     vary: 'Accept-Encoding' } ]
185 verbose etag https://registry.npmjs.org/raw-body from cache
186 verbose get saving raw-body to /Users/KiddFeral/.npm/registry.npmjs.org/raw-body/.cache.json
187 verbose correctMkdir /Users/KiddFeral/.npm correctMkdir not in flight; initializing
188 http 304 https://registry.npmjs.org/http-errors
189 verbose headers { date: 'Sun, 26 Jun 2016 19:02:01 GMT',
189 verbose headers   via: '1.1 varnish',
189 verbose headers   'cache-control': 'max-age=300',
189 verbose headers   etag: '"4Z3W8LC0PXE2O7VQR2Z1NDJMU"',
189 verbose headers   age: '21',
189 verbose headers   connection: 'keep-alive',
189 verbose headers   'x-served-by': 'cache-lax1432-LAX',
189 verbose headers   'x-cache': 'HIT',
189 verbose headers   'x-cache-hits': '1',
189 verbose headers   'x-timer': 'S1466967721.169410,VS0,VE0',
189 verbose headers   vary: 'Accept-Encoding' }
190 silly get cb [ 304,
190 silly get   { date: 'Sun, 26 Jun 2016 19:02:01 GMT',
190 silly get     via: '1.1 varnish',
190 silly get     'cache-control': 'max-age=300',
190 silly get     etag: '"4Z3W8LC0PXE2O7VQR2Z1NDJMU"',
190 silly get     age: '21',
190 silly get     connection: 'keep-alive',
190 silly get     'x-served-by': 'cache-lax1432-LAX',
190 silly get     'x-cache': 'HIT',
190 silly get     'x-cache-hits': '1',
190 silly get     'x-timer': 'S1466967721.169410,VS0,VE0',
190 silly get     vary: 'Accept-Encoding' } ]
191 verbose etag https://registry.npmjs.org/http-errors from cache
192 verbose get saving http-errors to /Users/KiddFeral/.npm/registry.npmjs.org/http-errors/.cache.json
193 verbose correctMkdir /Users/KiddFeral/.npm correctMkdir not in flight; initializing
194 http 304 https://registry.npmjs.org/content-type
195 verbose headers { date: 'Sun, 26 Jun 2016 19:02:01 GMT',
195 verbose headers   via: '1.1 varnish',
195 verbose headers   'cache-control': 'max-age=300',
195 verbose headers   etag: '"54SI4KXPU2JCNK86HYJVU5FOW"',
195 verbose headers   age: '152',
195 verbose headers   connection: 'keep-alive',
195 verbose headers   'x-served-by': 'cache-lax1426-LAX',
195 verbose headers   'x-cache': 'HIT',
195 verbose headers   'x-cache-hits': '2',
195 verbose headers   'x-timer': 'S1466967721.170521,VS0,VE0',
195 verbose headers   vary: 'Accept-Encoding' }
196 silly get cb [ 304,
196 silly get   { date: 'Sun, 26 Jun 2016 19:02:01 GMT',
196 silly get     via: '1.1 varnish',
196 silly get     'cache-control': 'max-age=300',
196 silly get     etag: '"54SI4KXPU2JCNK86HYJVU5FOW"',
196 silly get     age: '152',
196 silly get     connection: 'keep-alive',
196 silly get     'x-served-by': 'cache-lax1426-LAX',
196 silly get     'x-cache': 'HIT',
196 silly get     'x-cache-hits': '2',
196 silly get     'x-timer': 'S1466967721.170521,VS0,VE0',
196 silly get     vary: 'Accept-Encoding' } ]
197 verbose etag https://registry.npmjs.org/content-type from cache
198 verbose get saving content-type to /Users/KiddFeral/.npm/registry.npmjs.org/content-type/.cache.json
199 verbose correctMkdir /Users/KiddFeral/.npm correctMkdir not in flight; initializing
200 http 304 https://registry.npmjs.org/iconv-lite
201 verbose headers { date: 'Sun, 26 Jun 2016 19:02:01 GMT',
201 verbose headers   via: '1.1 varnish',
201 verbose headers   'cache-control': 'max-age=300',
201 verbose headers   etag: '"2OF5SE8SA0ANCUQO2TS5T5437"',
201 verbose headers   age: '59',
201 verbose headers   connection: 'keep-alive',
201 verbose headers   'x-served-by': 'cache-lax1422-LAX',
201 verbose headers   'x-cache': 'HIT',
201 verbose headers   'x-cache-hits': '2',
201 verbose headers   'x-timer': 'S1466967721.185053,VS0,VE0',
201 verbose headers   vary: 'Accept-Encoding' }
202 silly get cb [ 304,
202 silly get   { date: 'Sun, 26 Jun 2016 19:02:01 GMT',
202 silly get     via: '1.1 varnish',
202 silly get     'cache-control': 'max-age=300',
202 silly get     etag: '"2OF5SE8SA0ANCUQO2TS5T5437"',
202 silly get     age: '59',
202 silly get     connection: 'keep-alive',
202 silly get     'x-served-by': 'cache-lax1422-LAX',
202 silly get     'x-cache': 'HIT',
202 silly get     'x-cache-hits': '2',
202 silly get     'x-timer': 'S1466967721.185053,VS0,VE0',
202 silly get     vary: 'Accept-Encoding' } ]
203 verbose etag https://registry.npmjs.org/iconv-lite from cache
204 verbose get saving iconv-lite to /Users/KiddFeral/.npm/registry.npmjs.org/iconv-lite/.cache.json
205 verbose correctMkdir /Users/KiddFeral/.npm correctMkdir not in flight; initializing
206 http 304 https://registry.npmjs.org/qs
207 verbose headers { date: 'Sun, 26 Jun 2016 19:02:01 GMT',
207 verbose headers   via: '1.1 varnish',
207 verbose headers   'cache-control': 'max-age=300',
207 verbose headers   etag: '"7GFRDFKHTA98LGH1RG2YJ5622"',
207 verbose headers   age: '116',
207 verbose headers   connection: 'keep-alive',
207 verbose headers   'x-served-by': 'cache-lax1441-LAX',
207 verbose headers   'x-cache': 'HIT',
207 verbose headers   'x-cache-hits': '7',
207 verbose headers   'x-timer': 'S1466967721.190768,VS0,VE0',
207 verbose headers   vary: 'Accept-Encoding' }
208 silly get cb [ 304,
208 silly get   { date: 'Sun, 26 Jun 2016 19:02:01 GMT',
208 silly get     via: '1.1 varnish',
208 silly get     'cache-control': 'max-age=300',
208 silly get     etag: '"7GFRDFKHTA98LGH1RG2YJ5622"',
208 silly get     age: '116',
208 silly get     connection: 'keep-alive',
208 silly get     'x-served-by': 'cache-lax1441-LAX',
208 silly get     'x-cache': 'HIT',
208 silly get     'x-cache-hits': '7',
208 silly get     'x-timer': 'S1466967721.190768,VS0,VE0',
208 silly get     vary: 'Accept-Encoding' } ]
209 verbose etag https://registry.npmjs.org/qs from cache
210 verbose get saving qs to /Users/KiddFeral/.npm/registry.npmjs.org/qs/.cache.json
211 verbose correctMkdir /Users/KiddFeral/.npm correctMkdir not in flight; initializing
212 verbose afterAdd /Users/KiddFeral/.npm/bytes/2.4.0/package/package.json written
213 silly resolveWithNewModule raw-body@2.1.7 checking installable status
214 silly cache add args [ 'raw-body@~2.1.7', null ]
215 verbose cache add spec raw-body@~2.1.7
216 silly cache add parsed spec Result {
216 silly cache add   raw: 'raw-body@~2.1.7',
216 silly cache add   scope: null,
216 silly cache add   name: 'raw-body',
216 silly cache add   rawSpec: '~2.1.7',
216 silly cache add   spec: '>=2.1.7 <2.2.0',
216 silly cache add   type: 'range' }
217 silly addNamed raw-body@>=2.1.7 <2.2.0
218 verbose addNamed ">=2.1.7 <2.2.0" is a valid semver range for raw-body
219 silly addNameRange { name: 'raw-body', range: '>=2.1.7 <2.2.0', hasData: false }
220 silly mapToRegistry name raw-body
221 silly mapToRegistry using default registry
222 silly mapToRegistry registry https://registry.npmjs.org/
223 silly mapToRegistry data Result {
223 silly mapToRegistry   raw: 'raw-body',
223 silly mapToRegistry   scope: null,
223 silly mapToRegistry   name: 'raw-body',
223 silly mapToRegistry   rawSpec: '',
223 silly mapToRegistry   spec: 'latest',
223 silly mapToRegistry   type: 'tag' }
224 silly mapToRegistry uri https://registry.npmjs.org/raw-body
225 verbose addNameRange registry:https://registry.npmjs.org/raw-body not in flight; fetching
226 silly resolveWithNewModule http-errors@1.5.0 checking installable status
227 silly cache add args [ 'http-errors@~1.5.0', null ]
228 verbose cache add spec http-errors@~1.5.0
229 silly cache add parsed spec Result {
229 silly cache add   raw: 'http-errors@~1.5.0',
229 silly cache add   scope: null,
229 silly cache add   name: 'http-errors',
229 silly cache add   rawSpec: '~1.5.0',
229 silly cache add   spec: '>=1.5.0 <1.6.0',
229 silly cache add   type: 'range' }
230 silly addNamed http-errors@>=1.5.0 <1.6.0
231 verbose addNamed ">=1.5.0 <1.6.0" is a valid semver range for http-errors
232 silly addNameRange { name: 'http-errors', range: '>=1.5.0 <1.6.0', hasData: false }
233 silly mapToRegistry name http-errors
234 silly mapToRegistry using default registry
235 silly mapToRegistry registry https://registry.npmjs.org/
236 silly mapToRegistry data Result {
236 silly mapToRegistry   raw: 'http-errors',
236 silly mapToRegistry   scope: null,
236 silly mapToRegistry   name: 'http-errors',
236 silly mapToRegistry   rawSpec: '',
236 silly mapToRegistry   spec: 'latest',
236 silly mapToRegistry   type: 'tag' }
237 silly mapToRegistry uri https://registry.npmjs.org/http-errors
238 verbose addNameRange registry:https://registry.npmjs.org/http-errors not in flight; fetching
239 silly resolveWithNewModule content-type@1.0.2 checking installable status
240 silly cache add args [ 'content-type@~1.0.2', null ]
241 verbose cache add spec content-type@~1.0.2
242 silly cache add parsed spec Result {
242 silly cache add   raw: 'content-type@~1.0.2',
242 silly cache add   scope: null,
242 silly cache add   name: 'content-type',
242 silly cache add   rawSpec: '~1.0.2',
242 silly cache add   spec: '>=1.0.2 <1.1.0',
242 silly cache add   type: 'range' }
243 silly addNamed content-type@>=1.0.2 <1.1.0
244 verbose addNamed ">=1.0.2 <1.1.0" is a valid semver range for content-type
245 silly addNameRange { name: 'content-type', range: '>=1.0.2 <1.1.0', hasData: false }
246 silly mapToRegistry name content-type
247 silly mapToRegistry using default registry
248 silly mapToRegistry registry https://registry.npmjs.org/
249 silly mapToRegistry data Result {
249 silly mapToRegistry   raw: 'content-type',
249 silly mapToRegistry   scope: null,
249 silly mapToRegistry   name: 'content-type',
249 silly mapToRegistry   rawSpec: '',
249 silly mapToRegistry   spec: 'latest',
249 silly mapToRegistry   type: 'tag' }
250 silly mapToRegistry uri https://registry.npmjs.org/content-type
251 verbose addNameRange registry:https://registry.npmjs.org/content-type not in flight; fetching
252 silly cache afterAdd type-is@1.6.13
253 verbose afterAdd /Users/KiddFeral/.npm/type-is/1.6.13/package/package.json not in flight; writing
254 verbose correctMkdir /Users/KiddFeral/.npm correctMkdir not in flight; initializing
255 verbose get https://registry.npmjs.org/raw-body not expired, no request
256 silly addNameRange number 2 { name: 'raw-body', range: '>=2.1.7 <2.2.0', hasData: true }
257 silly addNameRange versions [ 'raw-body',
257 silly addNameRange   [ '0.0.1',
257 silly addNameRange     '0.0.2',
257 silly addNameRange     '0.0.3',
257 silly addNameRange     '0.1.0',
257 silly addNameRange     '0.1.1',
257 silly addNameRange     '0.2.0',
257 silly addNameRange     '1.0.0',
257 silly addNameRange     '1.0.1',
257 silly addNameRange     '1.1.0',
257 silly addNameRange     '1.1.1',
257 silly addNameRange     '1.1.2',
257 silly addNameRange     '1.1.3',
257 silly addNameRange     '1.1.4',
257 silly addNameRange     '1.1.5',
257 silly addNameRange     '1.1.6',
257 silly addNameRange     '1.1.7',
257 silly addNameRange     '1.2.0',
257 silly addNameRange     '1.2.1',
257 silly addNameRange     '1.2.2',
257 silly addNameRange     '1.2.3',
257 silly addNameRange     '1.3.0',
257 silly addNameRange     '1.3.1',
257 silly addNameRange     '1.3.2',
257 silly addNameRange     '1.3.3',
257 silly addNameRange     '1.3.4',
257 silly addNameRange     '2.0.0',
257 silly addNameRange     '2.0.1',
257 silly addNameRange     '2.0.2',
257 silly addNameRange     '2.1.0',
257 silly addNameRange     '2.1.1',
257 silly addNameRange     '2.1.2',
257 silly addNameRange     '2.1.3',
257 silly addNameRange     '2.1.4',
257 silly addNameRange     '2.1.5',
257 silly addNameRange     '2.1.6',
257 silly addNameRange     '2.1.7' ] ]
258 silly addNamed raw-body@2.1.7
259 verbose addNamed "2.1.7" is a plain semver version for raw-body
260 verbose get https://registry.npmjs.org/http-errors not expired, no request
261 silly addNameRange number 2 { name: 'http-errors', range: '>=1.5.0 <1.6.0', hasData: true }
262 silly addNameRange versions [ 'http-errors',
262 silly addNameRange   [ '0.0.1',
262 silly addNameRange     '1.0.0',
262 silly addNameRange     '1.0.1',
262 silly addNameRange     '1.1.0',
262 silly addNameRange     '1.2.0',
262 silly addNameRange     '1.2.1',
262 silly addNameRange     '1.2.2',
262 silly addNameRange     '1.2.3',
262 silly addNameRange     '1.2.4',
262 silly addNameRange     '1.2.5',
262 silly addNameRange     '1.2.6',
262 silly addNameRange     '1.2.7',
262 silly addNameRange     '1.2.8',
262 silly addNameRange     '1.3.0',
262 silly addNameRange     '1.3.1',
262 silly addNameRange     '1.4.0',
262 silly addNameRange     '1.5.0' ] ]
263 silly addNamed http-errors@1.5.0
264 verbose addNamed "1.5.0" is a plain semver version for http-errors
265 verbose get https://registry.npmjs.org/content-type not expired, no request
266 silly addNameRange number 2 { name: 'content-type', range: '>=1.0.2 <1.1.0', hasData: true }
267 silly addNameRange versions [ 'content-type', [ '0.0.1', '1.0.0', '1.0.1', '1.0.2' ] ]
268 silly addNamed content-type@1.0.2
269 verbose addNamed "1.0.2" is a plain semver version for content-type
270 silly resolveWithNewModule qs@6.2.0 checking installable status
271 silly cache add args [ 'qs@6.2.0', null ]
272 verbose cache add spec qs@6.2.0
273 silly cache add parsed spec Result {
273 silly cache add   raw: 'qs@6.2.0',
273 silly cache add   scope: null,
273 silly cache add   name: 'qs',
273 silly cache add   rawSpec: '6.2.0',
273 silly cache add   spec: '6.2.0',
273 silly cache add   type: 'version' }
274 silly addNamed qs@6.2.0
275 verbose addNamed "6.2.0" is a plain semver version for qs
276 silly mapToRegistry name qs
277 silly mapToRegistry using default registry
278 silly mapToRegistry registry https://registry.npmjs.org/
279 silly mapToRegistry data Result {
279 silly mapToRegistry   raw: 'qs',
279 silly mapToRegistry   scope: null,
279 silly mapToRegistry   name: 'qs',
279 silly mapToRegistry   rawSpec: '',
279 silly mapToRegistry   spec: 'latest',
279 silly mapToRegistry   type: 'tag' }
280 silly mapToRegistry uri https://registry.npmjs.org/qs
281 verbose addNameVersion registry:https://registry.npmjs.org/qs not in flight; fetching
282 silly resolveWithNewModule iconv-lite@0.4.13 checking installable status
283 silly cache add args [ 'iconv-lite@0.4.13', null ]
284 verbose cache add spec iconv-lite@0.4.13
285 silly cache add parsed spec Result {
285 silly cache add   raw: 'iconv-lite@0.4.13',
285 silly cache add   scope: null,
285 silly cache add   name: 'iconv-lite',
285 silly cache add   rawSpec: '0.4.13',
285 silly cache add   spec: '0.4.13',
285 silly cache add   type: 'version' }
286 silly addNamed iconv-lite@0.4.13
287 verbose addNamed "0.4.13" is a plain semver version for iconv-lite
288 silly mapToRegistry name iconv-lite
289 silly mapToRegistry using default registry
290 silly mapToRegistry registry https://registry.npmjs.org/
291 silly mapToRegistry data Result {
291 silly mapToRegistry   raw: 'iconv-lite',
291 silly mapToRegistry   scope: null,
291 silly mapToRegistry   name: 'iconv-lite',
291 silly mapToRegistry   rawSpec: '',
291 silly mapToRegistry   spec: 'latest',
291 silly mapToRegistry   type: 'tag' }
292 silly mapToRegistry uri https://registry.npmjs.org/iconv-lite
293 verbose addNameVersion registry:https://registry.npmjs.org/iconv-lite not in flight; fetching
294 verbose get https://registry.npmjs.org/qs not expired, no request
295 verbose afterAdd /Users/KiddFeral/.npm/type-is/1.6.13/package/package.json written
296 verbose get https://registry.npmjs.org/iconv-lite not expired, no request
297 silly cache afterAdd raw-body@2.1.7
298 verbose afterAdd /Users/KiddFeral/.npm/raw-body/2.1.7/package/package.json not in flight; writing
299 verbose correctMkdir /Users/KiddFeral/.npm correctMkdir not in flight; initializing
300 silly cache afterAdd content-type@1.0.2
301 verbose afterAdd /Users/KiddFeral/.npm/content-type/1.0.2/package/package.json not in flight; writing
302 verbose correctMkdir /Users/KiddFeral/.npm correctMkdir not in flight; initializing
303 silly cache afterAdd http-errors@1.5.0
304 verbose afterAdd /Users/KiddFeral/.npm/http-errors/1.5.0/package/package.json not in flight; writing
305 verbose correctMkdir /Users/KiddFeral/.npm correctMkdir not in flight; initializing
306 silly cache afterAdd iconv-lite@0.4.13
307 verbose afterAdd /Users/KiddFeral/.npm/iconv-lite/0.4.13/package/package.json not in flight; writing
308 verbose correctMkdir /Users/KiddFeral/.npm correctMkdir not in flight; initializing
309 verbose afterAdd /Users/KiddFeral/.npm/raw-body/2.1.7/package/package.json written
310 verbose afterAdd /Users/KiddFeral/.npm/content-type/1.0.2/package/package.json written
311 silly cache afterAdd qs@6.2.0
312 verbose afterAdd /Users/KiddFeral/.npm/qs/6.2.0/package/package.json not in flight; writing
313 verbose correctMkdir /Users/KiddFeral/.npm correctMkdir not in flight; initializing
314 verbose afterAdd /Users/KiddFeral/.npm/http-errors/1.5.0/package/package.json written
315 verbose afterAdd /Users/KiddFeral/.npm/iconv-lite/0.4.13/package/package.json written
316 verbose afterAdd /Users/KiddFeral/.npm/qs/6.2.0/package/package.json written
317 silly fetchNamedPackageData setprototypeof
318 silly mapToRegistry name setprototypeof
319 silly mapToRegistry using default registry
320 silly mapToRegistry registry https://registry.npmjs.org/
321 silly mapToRegistry data Result {
321 silly mapToRegistry   raw: 'setprototypeof',
321 silly mapToRegistry   scope: null,
321 silly mapToRegistry   name: 'setprototypeof',
321 silly mapToRegistry   rawSpec: '',
321 silly mapToRegistry   spec: 'latest',
321 silly mapToRegistry   type: 'tag' }
322 silly mapToRegistry uri https://registry.npmjs.org/setprototypeof
323 silly fetchNamedPackageData statuses
324 silly mapToRegistry name statuses
325 silly mapToRegistry using default registry
326 silly mapToRegistry registry https://registry.npmjs.org/
327 silly mapToRegistry data Result {
327 silly mapToRegistry   raw: 'statuses',
327 silly mapToRegistry   scope: null,
327 silly mapToRegistry   name: 'statuses',
327 silly mapToRegistry   rawSpec: '',
327 silly mapToRegistry   spec: 'latest',
327 silly mapToRegistry   type: 'tag' }
328 silly mapToRegistry uri https://registry.npmjs.org/statuses
329 verbose request uri https://registry.npmjs.org/setprototypeof
330 verbose request no auth needed
331 info attempt registry request try #1 at 12:02:23 PM
332 verbose etag "94PTDKHIEYM1G7JHKUDEVLM1W"
333 http request GET https://registry.npmjs.org/setprototypeof
334 verbose request uri https://registry.npmjs.org/statuses
335 verbose request no auth needed
336 info attempt registry request try #1 at 12:02:23 PM
337 verbose etag "3KCKUNZRW6W4E0ICQ29QZ13KW"
338 http request GET https://registry.npmjs.org/statuses
339 http 304 https://registry.npmjs.org/statuses
340 verbose headers { date: 'Sun, 26 Jun 2016 19:02:01 GMT',
340 verbose headers   via: '1.1 varnish',
340 verbose headers   'cache-control': 'max-age=300',
340 verbose headers   etag: '"3KCKUNZRW6W4E0ICQ29QZ13KW"',
340 verbose headers   age: '32',
340 verbose headers   connection: 'keep-alive',
340 verbose headers   'x-served-by': 'cache-lax1436-LAX',
340 verbose headers   'x-cache': 'HIT',
340 verbose headers   'x-cache-hits': '1',
340 verbose headers   'x-timer': 'S1466967721.690911,VS0,VE0',
340 verbose headers   vary: 'Accept-Encoding' }
341 silly get cb [ 304,
341 silly get   { date: 'Sun, 26 Jun 2016 19:02:01 GMT',
341 silly get     via: '1.1 varnish',
341 silly get     'cache-control': 'max-age=300',
341 silly get     etag: '"3KCKUNZRW6W4E0ICQ29QZ13KW"',
341 silly get     age: '32',
341 silly get     connection: 'keep-alive',
341 silly get     'x-served-by': 'cache-lax1436-LAX',
341 silly get     'x-cache': 'HIT',
341 silly get     'x-cache-hits': '1',
341 silly get     'x-timer': 'S1466967721.690911,VS0,VE0',
341 silly get     vary: 'Accept-Encoding' } ]
342 verbose etag https://registry.npmjs.org/statuses from cache
343 verbose get saving statuses to /Users/KiddFeral/.npm/registry.npmjs.org/statuses/.cache.json
344 verbose correctMkdir /Users/KiddFeral/.npm correctMkdir not in flight; initializing
345 silly resolveWithNewModule statuses@1.3.0 checking installable status
346 silly cache add args [ 'statuses@>= 1.3.0 < 2', null ]
347 verbose cache add spec statuses@>= 1.3.0 < 2
348 silly cache add parsed spec Result {
348 silly cache add   raw: 'statuses@>= 1.3.0 < 2',
348 silly cache add   scope: null,
348 silly cache add   name: 'statuses',
348 silly cache add   rawSpec: '>= 1.3.0 < 2',
348 silly cache add   spec: '>=1.3.0 <2.0.0',
348 silly cache add   type: 'range' }
349 silly addNamed statuses@>=1.3.0 <2.0.0
350 verbose addNamed ">=1.3.0 <2.0.0" is a valid semver range for statuses
351 silly addNameRange { name: 'statuses', range: '>=1.3.0 <2.0.0', hasData: false }
352 silly mapToRegistry name statuses
353 silly mapToRegistry using default registry
354 silly mapToRegistry registry https://registry.npmjs.org/
355 silly mapToRegistry data Result {
355 silly mapToRegistry   raw: 'statuses',
355 silly mapToRegistry   scope: null,
355 silly mapToRegistry   name: 'statuses',
355 silly mapToRegistry   rawSpec: '',
355 silly mapToRegistry   spec: 'latest',
355 silly mapToRegistry   type: 'tag' }
356 silly mapToRegistry uri https://registry.npmjs.org/statuses
357 verbose addNameRange registry:https://registry.npmjs.org/statuses not in flight; fetching
358 verbose get https://registry.npmjs.org/statuses not expired, no request
359 silly addNameRange number 2 { name: 'statuses', range: '>=1.3.0 <2.0.0', hasData: true }
360 silly addNameRange versions [ 'statuses',
360 silly addNameRange   [ '1.0.1',
360 silly addNameRange     '1.0.2',
360 silly addNameRange     '1.0.3',
360 silly addNameRange     '1.0.4',
360 silly addNameRange     '1.1.0',
360 silly addNameRange     '1.1.1',
360 silly addNameRange     '1.2.0',
360 silly addNameRange     '1.2.1',
360 silly addNameRange     '1.3.0' ] ]
361 silly addNamed statuses@1.3.0
362 verbose addNamed "1.3.0" is a plain semver version for statuses
363 http 200 https://registry.npmjs.org/setprototypeof
364 verbose headers { server: 'CouchDB/1.6.1 (Erlang OTP/R16B03)',
364 verbose headers   etag: '"CJTDSET8SGVXM6LF4HLS3YM9C"',
364 verbose headers   'content-type': 'application/json',
364 verbose headers   'content-encoding': 'gzip',
364 verbose headers   'cache-control': 'max-age=300',
364 verbose headers   'content-length': '1137',
364 verbose headers   'accept-ranges': 'bytes',
364 verbose headers   date: 'Sun, 26 Jun 2016 19:02:01 GMT',
364 verbose headers   via: '1.1 varnish',
364 verbose headers   age: '66',
364 verbose headers   connection: 'keep-alive',
364 verbose headers   'x-served-by': 'cache-lax1434-LAX',
364 verbose headers   'x-cache': 'HIT',
364 verbose headers   'x-cache-hits': '1',
364 verbose headers   'x-timer': 'S1466967721.689683,VS0,VE15',
364 verbose headers   vary: 'Accept-Encoding' }
365 silly get cb [ 200,
365 silly get   { server: 'CouchDB/1.6.1 (Erlang OTP/R16B03)',
365 silly get     etag: '"CJTDSET8SGVXM6LF4HLS3YM9C"',
365 silly get     'content-type': 'application/json',
365 silly get     'content-encoding': 'gzip',
365 silly get     'cache-control': 'max-age=300',
365 silly get     'content-length': '1137',
365 silly get     'accept-ranges': 'bytes',
365 silly get     date: 'Sun, 26 Jun 2016 19:02:01 GMT',
365 silly get     via: '1.1 varnish',
365 silly get     age: '66',
365 silly get     connection: 'keep-alive',
365 silly get     'x-served-by': 'cache-lax1434-LAX',
365 silly get     'x-cache': 'HIT',
365 silly get     'x-cache-hits': '1',
365 silly get     'x-timer': 'S1466967721.689683,VS0,VE15',
365 silly get     vary: 'Accept-Encoding' } ]
366 verbose get saving setprototypeof to /Users/KiddFeral/.npm/registry.npmjs.org/setprototypeof/.cache.json
367 verbose correctMkdir /Users/KiddFeral/.npm correctMkdir not in flight; initializing
368 silly resolveWithNewModule setprototypeof@1.0.1 checking installable status
369 silly cache add args [ 'setprototypeof@1.0.1', null ]
370 verbose cache add spec setprototypeof@1.0.1
371 silly cache add parsed spec Result {
371 silly cache add   raw: 'setprototypeof@1.0.1',
371 silly cache add   scope: null,
371 silly cache add   name: 'setprototypeof',
371 silly cache add   rawSpec: '1.0.1',
371 silly cache add   spec: '1.0.1',
371 silly cache add   type: 'version' }
372 silly addNamed setprototypeof@1.0.1
373 verbose addNamed "1.0.1" is a plain semver version for setprototypeof
374 silly mapToRegistry name setprototypeof
375 silly mapToRegistry using default registry
376 silly mapToRegistry registry https://registry.npmjs.org/
377 silly mapToRegistry data Result {
377 silly mapToRegistry   raw: 'setprototypeof',
377 silly mapToRegistry   scope: null,
377 silly mapToRegistry   name: 'setprototypeof',
377 silly mapToRegistry   rawSpec: '',
377 silly mapToRegistry   spec: 'latest',
377 silly mapToRegistry   type: 'tag' }
378 silly mapToRegistry uri https://registry.npmjs.org/setprototypeof
379 verbose addNameVersion registry:https://registry.npmjs.org/setprototypeof not in flight; fetching
380 verbose get https://registry.npmjs.org/setprototypeof not expired, no request
381 silly cache afterAdd statuses@1.3.0
382 verbose afterAdd /Users/KiddFeral/.npm/statuses/1.3.0/package/package.json not in flight; writing
383 verbose correctMkdir /Users/KiddFeral/.npm correctMkdir not in flight; initializing
384 silly cache afterAdd setprototypeof@1.0.1
385 verbose afterAdd /Users/KiddFeral/.npm/setprototypeof/1.0.1/package/package.json not in flight; writing
386 verbose correctMkdir /Users/KiddFeral/.npm correctMkdir not in flight; initializing
387 verbose afterAdd /Users/KiddFeral/.npm/statuses/1.3.0/package/package.json written
388 verbose afterAdd /Users/KiddFeral/.npm/setprototypeof/1.0.1/package/package.json written
389 silly fetchNamedPackageData mime-types
390 silly mapToRegistry name mime-types
391 silly mapToRegistry using default registry
392 silly mapToRegistry registry https://registry.npmjs.org/
393 silly mapToRegistry data Result {
393 silly mapToRegistry   raw: 'mime-types',
393 silly mapToRegistry   scope: null,
393 silly mapToRegistry   name: 'mime-types',
393 silly mapToRegistry   rawSpec: '',
393 silly mapToRegistry   spec: 'latest',
393 silly mapToRegistry   type: 'tag' }
394 silly mapToRegistry uri https://registry.npmjs.org/mime-types
395 verbose request uri https://registry.npmjs.org/mime-types
396 verbose request no auth needed
397 info attempt registry request try #1 at 12:02:23 PM
398 verbose etag "3O7DWUBEADFVPGVCL21NGLBAG"
399 http request GET https://registry.npmjs.org/mime-types
400 http 304 https://registry.npmjs.org/mime-types
401 verbose headers { date: 'Sun, 26 Jun 2016 19:02:01 GMT',
401 verbose headers   via: '1.1 varnish',
401 verbose headers   'cache-control': 'max-age=300',
401 verbose headers   etag: '"3O7DWUBEADFVPGVCL21NGLBAG"',
401 verbose headers   age: '79',
401 verbose headers   connection: 'keep-alive',
401 verbose headers   'x-served-by': 'cache-lax1432-LAX',
401 verbose headers   'x-cache': 'HIT',
401 verbose headers   'x-cache-hits': '2',
401 verbose headers   'x-timer': 'S1466967721.910781,VS0,VE0',
401 verbose headers   vary: 'Accept-Encoding' }
402 silly get cb [ 304,
402 silly get   { date: 'Sun, 26 Jun 2016 19:02:01 GMT',
402 silly get     via: '1.1 varnish',
402 silly get     'cache-control': 'max-age=300',
402 silly get     etag: '"3O7DWUBEADFVPGVCL21NGLBAG"',
402 silly get     age: '79',
402 silly get     connection: 'keep-alive',
402 silly get     'x-served-by': 'cache-lax1432-LAX',
402 silly get     'x-cache': 'HIT',
402 silly get     'x-cache-hits': '2',
402 silly get     'x-timer': 'S1466967721.910781,VS0,VE0',
402 silly get     vary: 'Accept-Encoding' } ]
403 verbose etag https://registry.npmjs.org/mime-types from cache
404 verbose get saving mime-types to /Users/KiddFeral/.npm/registry.npmjs.org/mime-types/.cache.json
405 verbose correctMkdir /Users/KiddFeral/.npm correctMkdir not in flight; initializing
406 silly resolveWithNewModule mime-types@2.1.11 checking installable status
407 silly cache add args [ 'mime-types@~2.1.11', null ]
408 verbose cache add spec mime-types@~2.1.11
409 silly cache add parsed spec Result {
409 silly cache add   raw: 'mime-types@~2.1.11',
409 silly cache add   scope: null,
409 silly cache add   name: 'mime-types',
409 silly cache add   rawSpec: '~2.1.11',
409 silly cache add   spec: '>=2.1.11 <2.2.0',
409 silly cache add   type: 'range' }
410 silly addNamed mime-types@>=2.1.11 <2.2.0
411 verbose addNamed ">=2.1.11 <2.2.0" is a valid semver range for mime-types
412 silly addNameRange { name: 'mime-types', range: '>=2.1.11 <2.2.0', hasData: false }
413 silly mapToRegistry name mime-types
414 silly mapToRegistry using default registry
415 silly mapToRegistry registry https://registry.npmjs.org/
416 silly mapToRegistry data Result {
416 silly mapToRegistry   raw: 'mime-types',
416 silly mapToRegistry   scope: null,
416 silly mapToRegistry   name: 'mime-types',
416 silly mapToRegistry   rawSpec: '',
416 silly mapToRegistry   spec: 'latest',
416 silly mapToRegistry   type: 'tag' }
417 silly mapToRegistry uri https://registry.npmjs.org/mime-types
418 verbose addNameRange registry:https://registry.npmjs.org/mime-types not in flight; fetching
419 verbose get https://registry.npmjs.org/mime-types not expired, no request
420 silly addNameRange number 2 { name: 'mime-types', range: '>=2.1.11 <2.2.0', hasData: true }
421 silly addNameRange versions [ 'mime-types',
421 silly addNameRange   [ '0.1.0',
421 silly addNameRange     '1.0.0',
421 silly addNameRange     '1.0.1',
421 silly addNameRange     '1.0.2',
421 silly addNameRange     '2.0.0',
421 silly addNameRange     '2.0.1',
421 silly addNameRange     '2.0.2',
421 silly addNameRange     '2.0.3',
421 silly addNameRange     '2.0.4',
421 silly addNameRange     '2.0.5',
421 silly addNameRange     '2.0.6',
421 silly addNameRange     '2.0.7',
421 silly addNameRange     '2.0.8',
421 silly addNameRange     '2.0.9',
421 silly addNameRange     '2.0.10',
421 silly addNameRange     '2.0.11',
421 silly addNameRange     '2.0.12',
421 silly addNameRange     '2.0.13',
421 silly addNameRange     '2.0.14',
421 silly addNameRange     '2.1.0',
421 silly addNameRange     '2.1.1',
421 silly addNameRange     '2.1.2',
421 silly addNameRange     '2.1.3',
421 silly addNameRange     '2.1.4',
421 silly addNameRange     '2.1.5',
421 silly addNameRange     '2.1.6',
421 silly addNameRange     '2.1.7',
421 silly addNameRange     '2.1.8',
421 silly addNameRange     '2.1.9',
421 silly addNameRange     '2.1.10',
421 silly addNameRange     '2.1.11' ] ]
422 silly addNamed mime-types@2.1.11
423 verbose addNamed "2.1.11" is a plain semver version for mime-types
424 silly cache afterAdd mime-types@2.1.11
425 verbose afterAdd /Users/KiddFeral/.npm/mime-types/2.1.11/package/package.json not in flight; writing
426 verbose correctMkdir /Users/KiddFeral/.npm correctMkdir not in flight; initializing
427 verbose afterAdd /Users/KiddFeral/.npm/mime-types/2.1.11/package/package.json written
428 silly fetchNamedPackageData mime-db
429 silly mapToRegistry name mime-db
430 silly mapToRegistry using default registry
431 silly mapToRegistry registry https://registry.npmjs.org/
432 silly mapToRegistry data Result {
432 silly mapToRegistry   raw: 'mime-db',
432 silly mapToRegistry   scope: null,
432 silly mapToRegistry   name: 'mime-db',
432 silly mapToRegistry   rawSpec: '',
432 silly mapToRegistry   spec: 'latest',
432 silly mapToRegistry   type: 'tag' }
433 silly mapToRegistry uri https://registry.npmjs.org/mime-db
434 verbose request uri https://registry.npmjs.org/mime-db
435 verbose request no auth needed
436 info attempt registry request try #1 at 12:02:23 PM
437 verbose etag "DE1E5EXFAKV0S1L2M4PVTQ4O1"
438 http request GET https://registry.npmjs.org/mime-db
439 http 200 https://registry.npmjs.org/mime-db
440 verbose headers { server: 'CouchDB/1.5.0 (Erlang OTP/R16B03)',
440 verbose headers   etag: '"F2BN99LSGU82T003WYBIY1G5P"',
440 verbose headers   'content-type': 'application/json',
440 verbose headers   'content-encoding': 'gzip',
440 verbose headers   'cache-control': 'max-age=300',
440 verbose headers   'content-length': '7618',
440 verbose headers   'accept-ranges': 'bytes',
440 verbose headers   date: 'Sun, 26 Jun 2016 19:02:02 GMT',
440 verbose headers   via: '1.1 varnish',
440 verbose headers   age: '259',
440 verbose headers   connection: 'keep-alive',
440 verbose headers   'x-served-by': 'cache-lax1426-LAX',
440 verbose headers   'x-cache': 'HIT',
440 verbose headers   'x-cache-hits': '10',
440 verbose headers   'x-timer': 'S1466967722.065368,VS0,VE0',
440 verbose headers   vary: 'Accept-Encoding' }
441 silly get cb [ 200,
441 silly get   { server: 'CouchDB/1.5.0 (Erlang OTP/R16B03)',
441 silly get     etag: '"F2BN99LSGU82T003WYBIY1G5P"',
441 silly get     'content-type': 'application/json',
441 silly get     'content-encoding': 'gzip',
441 silly get     'cache-control': 'max-age=300',
441 silly get     'content-length': '7618',
441 silly get     'accept-ranges': 'bytes',
441 silly get     date: 'Sun, 26 Jun 2016 19:02:02 GMT',
441 silly get     via: '1.1 varnish',
441 silly get     age: '259',
441 silly get     connection: 'keep-alive',
441 silly get     'x-served-by': 'cache-lax1426-LAX',
441 silly get     'x-cache': 'HIT',
441 silly get     'x-cache-hits': '10',
441 silly get     'x-timer': 'S1466967722.065368,VS0,VE0',
441 silly get     vary: 'Accept-Encoding' } ]
442 verbose get saving mime-db to /Users/KiddFeral/.npm/registry.npmjs.org/mime-db/.cache.json
443 verbose correctMkdir /Users/KiddFeral/.npm correctMkdir not in flight; initializing
444 silly resolveWithNewModule mime-db@1.23.0 checking installable status
445 silly cache add args [ 'mime-db@~1.23.0', null ]
446 verbose cache add spec mime-db@~1.23.0
447 silly cache add parsed spec Result {
447 silly cache add   raw: 'mime-db@~1.23.0',
447 silly cache add   scope: null,
447 silly cache add   name: 'mime-db',
447 silly cache add   rawSpec: '~1.23.0',
447 silly cache add   spec: '>=1.23.0 <1.24.0',
447 silly cache add   type: 'range' }
448 silly addNamed mime-db@>=1.23.0 <1.24.0
449 verbose addNamed ">=1.23.0 <1.24.0" is a valid semver range for mime-db
450 silly addNameRange { name: 'mime-db', range: '>=1.23.0 <1.24.0', hasData: false }
451 silly mapToRegistry name mime-db
452 silly mapToRegistry using default registry
453 silly mapToRegistry registry https://registry.npmjs.org/
454 silly mapToRegistry data Result {
454 silly mapToRegistry   raw: 'mime-db',
454 silly mapToRegistry   scope: null,
454 silly mapToRegistry   name: 'mime-db',
454 silly mapToRegistry   rawSpec: '',
454 silly mapToRegistry   spec: 'latest',
454 silly mapToRegistry   type: 'tag' }
455 silly mapToRegistry uri https://registry.npmjs.org/mime-db
456 verbose addNameRange registry:https://registry.npmjs.org/mime-db not in flight; fetching
457 verbose get https://registry.npmjs.org/mime-db not expired, no request
458 silly addNameRange number 2 { name: 'mime-db', range: '>=1.23.0 <1.24.0', hasData: true }
459 silly addNameRange versions [ 'mime-db',
459 silly addNameRange   [ '0.0.0',
459 silly addNameRange     '1.0.0',
459 silly addNameRange     '1.0.1',
459 silly addNameRange     '1.0.2',
459 silly addNameRange     '1.0.3',
459 silly addNameRange     '1.1.0',
459 silly addNameRange     '1.1.1',
459 silly addNameRange     '1.1.2',
459 silly addNameRange     '1.2.0',
459 silly addNameRange     '1.3.0',
459 silly addNameRange     '1.3.1',
459 silly addNameRange     '1.4.0',
459 silly addNameRange     '1.5.0',
459 silly addNameRange     '1.6.0',
459 silly addNameRange     '1.6.1',
459 silly addNameRange     '1.7.0',
459 silly addNameRange     '1.8.0',
459 silly addNameRange     '1.9.0',
459 silly addNameRange     '1.9.1',
459 silly addNameRange     '1.10.0',
459 silly addNameRange     '1.11.0',
459 silly addNameRange     '1.12.0',
459 silly addNameRange     '1.13.0',
459 silly addNameRange     '1.14.0',
459 silly addNameRange     '1.15.0',
459 silly addNameRange     '1.16.0',
459 silly addNameRange     '1.17.0',
459 silly addNameRange     '1.18.0',
459 silly addNameRange     '1.19.0',
459 silly addNameRange     '1.20.0',
459 silly addNameRange     '1.21.0',
459 silly addNameRange     '1.22.0',
459 silly addNameRange     '1.23.0' ] ]
460 silly addNamed mime-db@1.23.0
461 verbose addNamed "1.23.0" is a plain semver version for mime-db
462 silly cache afterAdd mime-db@1.23.0
463 verbose afterAdd /Users/KiddFeral/.npm/mime-db/1.23.0/package/package.json not in flight; writing
464 verbose correctMkdir /Users/KiddFeral/.npm correctMkdir not in flight; initializing
465 verbose afterAdd /Users/KiddFeral/.npm/mime-db/1.23.0/package/package.json written
466 silly loadAllDepsIntoIdealTree Finishing
467 silly idealTree:prePrune discussionBoard@1.0.0
467 silly idealTree:prePrune  accepts@1.2.13
467 silly idealTree:prePrune  array-flatten@1.1.1
467 silly idealTree:prePrune  async@1.5.2
467 silly idealTree:prePrune  bluebird@2.9.26
467 silly idealTree:prePrune  body-parser@1.15.2
467 silly idealTree:prePrune   content-type@1.0.2
467 silly idealTree:prePrune   http-errors@1.5.0
467 silly idealTree:prePrune   mime-db@1.23.0
467 silly idealTree:prePrune   mime-types@2.1.11
467 silly idealTree:prePrune   qs@6.2.0
467 silly idealTree:prePrune   statuses@1.3.0
467 silly idealTree:prePrune   type-is@1.6.13
467 silly idealTree:prePrune  bson@0.4.21
467 silly idealTree:prePrune  bytes@2.4.0
467 silly idealTree:prePrune  content-disposition@0.5.1
467 silly idealTree:prePrune  content-type@1.0.1
467 silly idealTree:prePrune  cookie-signature@1.0.6
467 silly idealTree:prePrune  cookie@0.1.5
467 silly idealTree:prePrune  core-util-is@1.0.2
467 silly idealTree:prePrune  debug@2.2.0
467 silly idealTree:prePrune  depd@1.1.0
467 silly idealTree:prePrune  destroy@1.0.4
467 silly idealTree:prePrune  ee-first@1.1.1
467 silly idealTree:prePrune  es6-promise@3.0.2
467 silly idealTree:prePrune  escape-html@1.0.3
467 silly idealTree:prePrune  etag@1.7.0
467 silly idealTree:prePrune  express@4.13.4
467 silly idealTree:prePrune  finalhandler@0.4.1
467 silly idealTree:prePrune  forwarded@0.1.0
467 silly idealTree:prePrune  fresh@0.3.0
467 silly idealTree:prePrune  hooks-fixed@1.1.0
467 silly idealTree:prePrune  http-errors@1.3.1
467 silly idealTree:prePrune  iconv-lite@0.4.13
467 silly idealTree:prePrune  inherits@2.0.1
467 silly idealTree:prePrune  ipaddr.js@1.0.5
467 silly idealTree:prePrune  isarray@0.0.1
467 silly idealTree:prePrune  kareem@1.0.1
467 silly idealTree:prePrune  media-typer@0.3.0
467 silly idealTree:prePrune  merge-descriptors@1.0.1
467 silly idealTree:prePrune  methods@1.1.2
467 silly idealTree:prePrune  mime-db@1.22.0
467 silly idealTree:prePrune  mime-types@2.1.10
467 silly idealTree:prePrune  mime@1.3.4
467 silly idealTree:prePrune  mongodb-core@1.3.1
467 silly idealTree:prePrune  mongodb@2.1.6
467 silly idealTree:prePrune  mongoose-deep-populate@2.0.3
467 silly idealTree:prePrune  mongoose@4.4.4
467 silly idealTree:prePrune  mpath@0.2.1
467 silly idealTree:prePrune  mpromise@0.5.5
467 silly idealTree:prePrune  mquery@1.6.3
467 silly idealTree:prePrune   sliced@0.0.5
467 silly idealTree:prePrune  ms@0.7.1
467 silly idealTree:prePrune  muri@1.1.0
467 silly idealTree:prePrune  negotiator@0.5.3
467 silly idealTree:prePrune  on-finished@2.3.0
467 silly idealTree:prePrune  parseurl@1.3.1
467 silly idealTree:prePrune  path-to-regexp@0.1.7
467 silly idealTree:prePrune  path@0.12.7
467 silly idealTree:prePrune  process@0.11.2
467 silly idealTree:prePrune  proxy-addr@1.0.10
467 silly idealTree:prePrune  qs@4.0.0
467 silly idealTree:prePrune  range-parser@1.0.3
467 silly idealTree:prePrune  raw-body@2.1.7
467 silly idealTree:prePrune  readable-stream@1.0.31
467 silly idealTree:prePrune  regexp-clone@0.0.1
467 silly idealTree:prePrune  require_optional@1.0.0
467 silly idealTree:prePrune  resolve-from@2.0.0
467 silly idealTree:prePrune  semver@5.1.0
467 silly idealTree:prePrune  send@0.13.1
467 silly idealTree:prePrune  serve-static@1.10.2
467 silly idealTree:prePrune  setprototypeof@1.0.1
467 silly idealTree:prePrune  sliced@1.0.1
467 silly idealTree:prePrune  statuses@1.2.1
467 silly idealTree:prePrune  string_decoder@0.10.31
467 silly idealTree:prePrune  type-is@1.6.11
467 silly idealTree:prePrune  unpipe@1.0.0
467 silly idealTree:prePrune  util@0.10.3
467 silly idealTree:prePrune  utils-merge@1.0.0
467 silly idealTree:prePrune  vary@1.0.1
468 silly loadIdealTree Finishing
469 silly currentTree discussionBoard@1.0.0
469 silly currentTree  accepts@1.2.13
469 silly currentTree  array-flatten@1.1.1
469 silly currentTree  async@1.5.2
469 silly currentTree  bluebird@2.9.26
469 silly currentTree  body-parser@1.15.0
469 silly currentTree   http-errors@1.4.0
469 silly currentTree   qs@6.1.0
469 silly currentTree  bson@0.4.21
469 silly currentTree  bytes@2.2.0
469 silly currentTree  content-disposition@0.5.1
469 silly currentTree  content-type@1.0.1
469 silly currentTree  cookie-signature@1.0.6
469 silly currentTree  cookie@0.1.5
469 silly currentTree  core-util-is@1.0.2
469 silly currentTree  debug@2.2.0
469 silly currentTree  depd@1.1.0
469 silly currentTree  destroy@1.0.4
469 silly currentTree  ee-first@1.1.1
469 silly currentTree  es6-promise@3.0.2
469 silly currentTree  escape-html@1.0.3
469 silly currentTree  etag@1.7.0
469 silly currentTree  express@4.13.4
469 silly currentTree  finalhandler@0.4.1
469 silly currentTree  forwarded@0.1.0
469 silly currentTree  fresh@0.3.0
469 silly currentTree  hooks-fixed@1.1.0
469 silly currentTree  http-errors@1.3.1
469 silly currentTree  iconv-lite@0.4.13
469 silly currentTree  inherits@2.0.1
469 silly currentTree  ipaddr.js@1.0.5
469 silly currentTree  isarray@0.0.1
469 silly currentTree  kareem@1.0.1
469 silly currentTree  media-typer@0.3.0
469 silly currentTree  merge-descriptors@1.0.1
469 silly currentTree  methods@1.1.2
469 silly currentTree  mime-db@1.22.0
469 silly currentTree  mime-types@2.1.10
469 silly currentTree  mime@1.3.4
469 silly currentTree  mongodb-core@1.3.1
469 silly currentTree  mongodb@2.1.6
469 silly currentTree  mongoose-deep-populate@2.0.3
469 silly currentTree  mongoose@4.4.4
469 silly currentTree  mpath@0.2.1
469 silly currentTree  mpromise@0.5.5
469 silly currentTree  mquery@1.6.3
469 silly currentTree   sliced@0.0.5
469 silly currentTree  ms@0.7.1
469 silly currentTree  muri@1.1.0
469 silly currentTree  negotiator@0.5.3
469 silly currentTree  on-finished@2.3.0
469 silly currentTree  parseurl@1.3.1
469 silly currentTree  path-to-regexp@0.1.7
469 silly currentTree  path@0.12.7
469 silly currentTree  process@0.11.2
469 silly currentTree  proxy-addr@1.0.10
469 silly currentTree  qs@4.0.0
469 silly currentTree  range-parser@1.0.3
469 silly currentTree  raw-body@2.1.5
469 silly currentTree  readable-stream@1.0.31
469 silly currentTree  regexp-clone@0.0.1
469 silly currentTree  require_optional@1.0.0
469 silly currentTree  resolve-from@2.0.0
469 silly currentTree  semver@5.1.0
469 silly currentTree  send@0.13.1
469 silly currentTree  serve-static@1.10.2
469 silly currentTree  sliced@1.0.1
469 silly currentTree  statuses@1.2.1
469 silly currentTree  string_decoder@0.10.31
469 silly currentTree  type-is@1.6.11
469 silly currentTree  unpipe@1.0.0
469 silly currentTree  util@0.10.3
469 silly currentTree  utils-merge@1.0.0
469 silly currentTree  vary@1.0.1
470 silly idealTree discussionBoard@1.0.0
470 silly idealTree  accepts@1.2.13
470 silly idealTree  array-flatten@1.1.1
470 silly idealTree  async@1.5.2
470 silly idealTree  bluebird@2.9.26
470 silly idealTree  body-parser@1.15.2
470 silly idealTree   content-type@1.0.2
470 silly idealTree   http-errors@1.5.0
470 silly idealTree   mime-db@1.23.0
470 silly idealTree   mime-types@2.1.11
470 silly idealTree   qs@6.2.0
470 silly idealTree   statuses@1.3.0
470 silly idealTree   type-is@1.6.13
470 silly idealTree  bson@0.4.21
470 silly idealTree  bytes@2.4.0
470 silly idealTree  content-disposition@0.5.1
470 silly idealTree  content-type@1.0.1
470 silly idealTree  cookie-signature@1.0.6
470 silly idealTree  cookie@0.1.5
470 silly idealTree  core-util-is@1.0.2
470 silly idealTree  debug@2.2.0
470 silly idealTree  depd@1.1.0
470 silly idealTree  destroy@1.0.4
470 silly idealTree  ee-first@1.1.1
470 silly idealTree  es6-promise@3.0.2
470 silly idealTree  escape-html@1.0.3
470 silly idealTree  etag@1.7.0
470 silly idealTree  express@4.13.4
470 silly idealTree  finalhandler@0.4.1
470 silly idealTree  forwarded@0.1.0
470 silly idealTree  fresh@0.3.0
470 silly idealTree  hooks-fixed@1.1.0
470 silly idealTree  http-errors@1.3.1
470 silly idealTree  iconv-lite@0.4.13
470 silly idealTree  inherits@2.0.1
470 silly idealTree  ipaddr.js@1.0.5
470 silly idealTree  isarray@0.0.1
470 silly idealTree  kareem@1.0.1
470 silly idealTree  media-typer@0.3.0
470 silly idealTree  merge-descriptors@1.0.1
470 silly idealTree  methods@1.1.2
470 silly idealTree  mime-db@1.22.0
470 silly idealTree  mime-types@2.1.10
470 silly idealTree  mime@1.3.4
470 silly idealTree  mongodb-core@1.3.1
470 silly idealTree  mongodb@2.1.6
470 silly idealTree  mongoose-deep-populate@2.0.3
470 silly idealTree  mongoose@4.4.4
470 silly idealTree  mpath@0.2.1
470 silly idealTree  mpromise@0.5.5
470 silly idealTree  mquery@1.6.3
470 silly idealTree   sliced@0.0.5
470 silly idealTree  ms@0.7.1
470 silly idealTree  muri@1.1.0
470 silly idealTree  negotiator@0.5.3
470 silly idealTree  on-finished@2.3.0
470 silly idealTree  parseurl@1.3.1
470 silly idealTree  path-to-regexp@0.1.7
470 silly idealTree  path@0.12.7
470 silly idealTree  process@0.11.2
470 silly idealTree  proxy-addr@1.0.10
470 silly idealTree  qs@4.0.0
470 silly idealTree  range-parser@1.0.3
470 silly idealTree  raw-body@2.1.7
470 silly idealTree  readable-stream@1.0.31
470 silly idealTree  regexp-clone@0.0.1
470 silly idealTree  require_optional@1.0.0
470 silly idealTree  resolve-from@2.0.0
470 silly idealTree  semver@5.1.0
470 silly idealTree  send@0.13.1
470 silly idealTree  serve-static@1.10.2
470 silly idealTree  setprototypeof@1.0.1
470 silly idealTree  sliced@1.0.1
470 silly idealTree  statuses@1.2.1
470 silly idealTree  string_decoder@0.10.31
470 silly idealTree  type-is@1.6.11
470 silly idealTree  unpipe@1.0.0
470 silly idealTree  util@0.10.3
470 silly idealTree  utils-merge@1.0.0
470 silly idealTree  vary@1.0.1
471 silly generateActionsToTake Starting
472 silly install generateActionsToTake
473 silly generateActionsToTake Finishing
474 silly diffTrees action count 12
475 silly diffTrees add content-type@1.0.2
476 silly diffTrees add mime-db@1.23.0
477 silly diffTrees add mime-types@2.1.11
478 silly diffTrees update qs@6.2.0
479 silly diffTrees add statuses@1.3.0
480 silly diffTrees add type-is@1.6.13
481 silly diffTrees update bytes@2.4.0
482 silly diffTrees update raw-body@2.1.7
483 silly diffTrees add setprototypeof@1.0.1
484 silly diffTrees update http-errors@1.5.0
485 silly diffTrees update body-parser@1.15.2
486 silly diffTrees update mongoose-deep-populate@2.0.3
487 silly decomposeActions action count 96
488 silly decomposeActions fetch content-type@1.0.2
489 silly decomposeActions extract content-type@1.0.2
490 silly decomposeActions test content-type@1.0.2
491 silly decomposeActions preinstall content-type@1.0.2
492 silly decomposeActions build content-type@1.0.2
493 silly decomposeActions install content-type@1.0.2
494 silly decomposeActions postinstall content-type@1.0.2
495 silly decomposeActions finalize content-type@1.0.2
496 silly decomposeActions fetch mime-db@1.23.0
497 silly decomposeActions extract mime-db@1.23.0
498 silly decomposeActions test mime-db@1.23.0
499 silly decomposeActions preinstall mime-db@1.23.0
500 silly decomposeActions build mime-db@1.23.0
501 silly decomposeActions install mime-db@1.23.0
502 silly decomposeActions postinstall mime-db@1.23.0
503 silly decomposeActions finalize mime-db@1.23.0
504 silly decomposeActions fetch mime-types@2.1.11
505 silly decomposeActions extract mime-types@2.1.11
506 silly decomposeActions test mime-types@2.1.11
507 silly decomposeActions preinstall mime-types@2.1.11
508 silly decomposeActions build mime-types@2.1.11
509 silly decomposeActions install mime-types@2.1.11
510 silly decomposeActions postinstall mime-types@2.1.11
511 silly decomposeActions finalize mime-types@2.1.11
512 silly decomposeActions fetch qs@6.2.0
513 silly decomposeActions extract qs@6.2.0
514 silly decomposeActions test qs@6.2.0
515 silly decomposeActions preinstall qs@6.2.0
516 silly decomposeActions build qs@6.2.0
517 silly decomposeActions install qs@6.2.0
518 silly decomposeActions postinstall qs@6.2.0
519 silly decomposeActions finalize qs@6.2.0
520 silly decomposeActions fetch statuses@1.3.0
521 silly decomposeActions extract statuses@1.3.0
522 silly decomposeActions test statuses@1.3.0
523 silly decomposeActions preinstall statuses@1.3.0
524 silly decomposeActions build statuses@1.3.0
525 silly decomposeActions install statuses@1.3.0
526 silly decomposeActions postinstall statuses@1.3.0
527 silly decomposeActions finalize statuses@1.3.0
528 silly decomposeActions fetch type-is@1.6.13
529 silly decomposeActions extract type-is@1.6.13
530 silly decomposeActions test type-is@1.6.13
531 silly decomposeActions preinstall type-is@1.6.13
532 silly decomposeActions build type-is@1.6.13
533 silly decomposeActions install type-is@1.6.13
534 silly decomposeActions postinstall type-is@1.6.13
535 silly decomposeActions finalize type-is@1.6.13
536 silly decomposeActions fetch bytes@2.4.0
537 silly decomposeActions extract bytes@2.4.0
538 silly decomposeActions test bytes@2.4.0
539 silly decomposeActions preinstall bytes@2.4.0
540 silly decomposeActions build bytes@2.4.0
541 silly decomposeActions install bytes@2.4.0
542 silly decomposeActions postinstall bytes@2.4.0
543 silly decomposeActions finalize bytes@2.4.0
544 silly decomposeActions fetch raw-body@2.1.7
545 silly decomposeActions extract raw-body@2.1.7
546 silly decomposeActions test raw-body@2.1.7
547 silly decomposeActions preinstall raw-body@2.1.7
548 silly decomposeActions build raw-body@2.1.7
549 silly decomposeActions install raw-body@2.1.7
550 silly decomposeActions postinstall raw-body@2.1.7
551 silly decomposeActions finalize raw-body@2.1.7
552 silly decomposeActions fetch setprototypeof@1.0.1
553 silly decomposeActions extract setprototypeof@1.0.1
554 silly decomposeActions test setprototypeof@1.0.1
555 silly decomposeActions preinstall setprototypeof@1.0.1
556 silly decomposeActions build setprototypeof@1.0.1
557 silly decomposeActions install setprototypeof@1.0.1
558 silly decomposeActions postinstall setprototypeof@1.0.1
559 silly decomposeActions finalize setprototypeof@1.0.1
560 silly decomposeActions fetch http-errors@1.5.0
561 silly decomposeActions extract http-errors@1.5.0
562 silly decomposeActions test http-errors@1.5.0
563 silly decomposeActions preinstall http-errors@1.5.0
564 silly decomposeActions build http-errors@1.5.0
565 silly decomposeActions install http-errors@1.5.0
566 silly decomposeActions postinstall http-errors@1.5.0
567 silly decomposeActions finalize http-errors@1.5.0
568 silly decomposeActions fetch body-parser@1.15.2
569 silly decomposeActions extract body-parser@1.15.2
570 silly decomposeActions test body-parser@1.15.2
571 silly decomposeActions preinstall body-parser@1.15.2
572 silly decomposeActions build body-parser@1.15.2
573 silly decomposeActions install body-parser@1.15.2
574 silly decomposeActions postinstall body-parser@1.15.2
575 silly decomposeActions finalize body-parser@1.15.2
576 silly decomposeActions fetch mongoose-deep-populate@2.0.3
577 silly decomposeActions extract mongoose-deep-populate@2.0.3
578 silly decomposeActions test mongoose-deep-populate@2.0.3
579 silly decomposeActions preinstall mongoose-deep-populate@2.0.3
580 silly decomposeActions build mongoose-deep-populate@2.0.3
581 silly decomposeActions install mongoose-deep-populate@2.0.3
582 silly decomposeActions postinstall mongoose-deep-populate@2.0.3
583 silly decomposeActions finalize mongoose-deep-populate@2.0.3
584 silly executeActions Starting
585 silly install executeActions
586 silly doSerial global-install 0
587 silly doParallel fetch 12
588 verbose correctMkdir /Users/KiddFeral/.npm/_locks correctMkdir not in flight; initializing
589 verbose lock using /Users/KiddFeral/.npm/_locks/staging-0b947cb36e9b086e.lock for /Users/KiddFeral/Desktop/Code/Javascript/MEAN/discussionBoard/node_modules/.staging
590 silly doParallel extract 12
591 silly extract content-type@1.0.2
592 silly extract mime-db@1.23.0
593 silly extract mime-types@2.1.11
594 silly extract qs@6.2.0
595 silly extract statuses@1.3.0
596 silly extract type-is@1.6.13
597 silly extract bytes@2.4.0
598 silly extract raw-body@2.1.7
599 silly extract setprototypeof@1.0.1
600 silly extract http-errors@1.5.0
601 silly extract body-parser@1.15.2
602 silly extract mongoose-deep-populate@2.0.3
603 verbose unbuild node_modules/.staging/content-type-f26bab77
604 verbose unbuild node_modules/.staging/mime-db-983a5226
605 verbose unbuild node_modules/.staging/mime-types-96ea856b
606 verbose unbuild node_modules/.staging/qs-729f7d37
607 verbose unbuild node_modules/.staging/statuses-a471f161
608 verbose unbuild node_modules/.staging/type-is-41fc6671
609 verbose unbuild node_modules/.staging/bytes-f8e32a19
610 verbose unbuild node_modules/.staging/raw-body-907df0df
611 verbose unbuild node_modules/.staging/http-errors-9acf1c29
612 verbose unbuild node_modules/.staging/body-parser-15ea577d
613 verbose unbuild node_modules/.staging/setprototypeof-3ab8a290
614 silly gentlyRm /Users/KiddFeral/Desktop/Code/Javascript/MEAN/discussionBoard/node_modules/.staging/content-type-f26bab77 is being purged from base /Users/KiddFeral/Desktop/Code/Javascript/MEAN/discussionBoard
615 verbose gentlyRm don't care about contents; nuking /Users/KiddFeral/Desktop/Code/Javascript/MEAN/discussionBoard/node_modules/.staging/content-type-f26bab77
616 silly gentlyRm /Users/KiddFeral/Desktop/Code/Javascript/MEAN/discussionBoard/node_modules/.staging/mime-db-983a5226 is being purged from base /Users/KiddFeral/Desktop/Code/Javascript/MEAN/discussionBoard
617 verbose gentlyRm don't care about contents; nuking /Users/KiddFeral/Desktop/Code/Javascript/MEAN/discussionBoard/node_modules/.staging/mime-db-983a5226
618 silly gentlyRm /Users/KiddFeral/Desktop/Code/Javascript/MEAN/discussionBoard/node_modules/.staging/mime-types-96ea856b is being purged from base /Users/KiddFeral/Desktop/Code/Javascript/MEAN/discussionBoard
619 verbose gentlyRm don't care about contents; nuking /Users/KiddFeral/Desktop/Code/Javascript/MEAN/discussionBoard/node_modules/.staging/mime-types-96ea856b
620 silly gentlyRm /Users/KiddFeral/Desktop/Code/Javascript/MEAN/discussionBoard/node_modules/.staging/qs-729f7d37 is being purged from base /Users/KiddFeral/Desktop/Code/Javascript/MEAN/discussionBoard
621 verbose gentlyRm don't care about contents; nuking /Users/KiddFeral/Desktop/Code/Javascript/MEAN/discussionBoard/node_modules/.staging/qs-729f7d37
622 silly gentlyRm /Users/KiddFeral/Desktop/Code/Javascript/MEAN/discussionBoard/node_modules/.staging/statuses-a471f161 is being purged from base /Users/KiddFeral/Desktop/Code/Javascript/MEAN/discussionBoard
623 verbose gentlyRm don't care about contents; nuking /Users/KiddFeral/Desktop/Code/Javascript/MEAN/discussionBoard/node_modules/.staging/statuses-a471f161
624 silly gentlyRm /Users/KiddFeral/Desktop/Code/Javascript/MEAN/discussionBoard/node_modules/.staging/type-is-41fc6671 is being purged from base /Users/KiddFeral/Desktop/Code/Javascript/MEAN/discussionBoard
625 verbose gentlyRm don't care about contents; nuking /Users/KiddFeral/Desktop/Code/Javascript/MEAN/discussionBoard/node_modules/.staging/type-is-41fc6671
626 silly gentlyRm /Users/KiddFeral/Desktop/Code/Javascript/MEAN/discussionBoard/node_modules/.staging/bytes-f8e32a19 is being purged from base /Users/KiddFeral/Desktop/Code/Javascript/MEAN/discussionBoard
627 verbose gentlyRm don't care about contents; nuking /Users/KiddFeral/Desktop/Code/Javascript/MEAN/discussionBoard/node_modules/.staging/bytes-f8e32a19
628 silly gentlyRm /Users/KiddFeral/Desktop/Code/Javascript/MEAN/discussionBoard/node_modules/.staging/raw-body-907df0df is being purged from base /Users/KiddFeral/Desktop/Code/Javascript/MEAN/discussionBoard
629 verbose gentlyRm don't care about contents; nuking /Users/KiddFeral/Desktop/Code/Javascript/MEAN/discussionBoard/node_modules/.staging/raw-body-907df0df
630 silly gentlyRm /Users/KiddFeral/Desktop/Code/Javascript/MEAN/discussionBoard/node_modules/.staging/http-errors-9acf1c29 is being purged from base /Users/KiddFeral/Desktop/Code/Javascript/MEAN/discussionBoard
631 verbose gentlyRm don't care about contents; nuking /Users/KiddFeral/Desktop/Code/Javascript/MEAN/discussionBoard/node_modules/.staging/http-errors-9acf1c29
632 silly gentlyRm /Users/KiddFeral/Desktop/Code/Javascript/MEAN/discussionBoard/node_modules/.staging/body-parser-15ea577d is being purged from base /Users/KiddFeral/Desktop/Code/Javascript/MEAN/discussionBoard
633 verbose gentlyRm don't care about contents; nuking /Users/KiddFeral/Desktop/Code/Javascript/MEAN/discussionBoard/node_modules/.staging/body-parser-15ea577d
634 silly gentlyRm /Users/KiddFeral/Desktop/Code/Javascript/MEAN/discussionBoard/node_modules/.staging/setprototypeof-3ab8a290 is being purged from base /Users/KiddFeral/Desktop/Code/Javascript/MEAN/discussionBoard
635 verbose gentlyRm don't care about contents; nuking /Users/KiddFeral/Desktop/Code/Javascript/MEAN/discussionBoard/node_modules/.staging/setprototypeof-3ab8a290
636 verbose tar unpack /Users/KiddFeral/.npm/content-type/1.0.2/package.tgz
637 verbose tar unpacking to /Users/KiddFeral/Desktop/Code/Javascript/MEAN/discussionBoard/node_modules/.staging/content-type-f26bab77
638 silly gentlyRm /Users/KiddFeral/Desktop/Code/Javascript/MEAN/discussionBoard/node_modules/.staging/content-type-f26bab77 is being purged
639 verbose gentlyRm don't care about contents; nuking /Users/KiddFeral/Desktop/Code/Javascript/MEAN/discussionBoard/node_modules/.staging/content-type-f26bab77
640 verbose tar unpack /Users/KiddFeral/.npm/mime-db/1.23.0/package.tgz
641 verbose tar unpacking to /Users/KiddFeral/Desktop/Code/Javascript/MEAN/discussionBoard/node_modules/.staging/mime-db-983a5226
642 silly gentlyRm /Users/KiddFeral/Desktop/Code/Javascript/MEAN/discussionBoard/node_modules/.staging/mime-db-983a5226 is being purged
643 verbose gentlyRm don't care about contents; nuking /Users/KiddFeral/Desktop/Code/Javascript/MEAN/discussionBoard/node_modules/.staging/mime-db-983a5226
644 verbose tar unpack /Users/KiddFeral/.npm/mime-types/2.1.11/package.tgz
645 verbose tar unpacking to /Users/KiddFeral/Desktop/Code/Javascript/MEAN/discussionBoard/node_modules/.staging/mime-types-96ea856b
646 silly gentlyRm /Users/KiddFeral/Desktop/Code/Javascript/MEAN/discussionBoard/node_modules/.staging/mime-types-96ea856b is being purged
647 verbose gentlyRm don't care about contents; nuking /Users/KiddFeral/Desktop/Code/Javascript/MEAN/discussionBoard/node_modules/.staging/mime-types-96ea856b
648 verbose tar unpack /Users/KiddFeral/.npm/qs/6.2.0/package.tgz
649 verbose tar unpacking to /Users/KiddFeral/Desktop/Code/Javascript/MEAN/discussionBoard/node_modules/.staging/qs-729f7d37
650 silly gentlyRm /Users/KiddFeral/Desktop/Code/Javascript/MEAN/discussionBoard/node_modules/.staging/qs-729f7d37 is being purged
651 verbose gentlyRm don't care about contents; nuking /Users/KiddFeral/Desktop/Code/Javascript/MEAN/discussionBoard/node_modules/.staging/qs-729f7d37
652 verbose tar unpack /Users/KiddFeral/.npm/statuses/1.3.0/package.tgz
653 verbose tar unpacking to /Users/KiddFeral/Desktop/Code/Javascript/MEAN/discussionBoard/node_modules/.staging/statuses-a471f161
654 silly gentlyRm /Users/KiddFeral/Desktop/Code/Javascript/MEAN/discussionBoard/node_modules/.staging/statuses-a471f161 is being purged
655 verbose gentlyRm don't care about contents; nuking /Users/KiddFeral/Desktop/Code/Javascript/MEAN/discussionBoard/node_modules/.staging/statuses-a471f161
656 verbose tar unpack /Users/KiddFeral/.npm/type-is/1.6.13/package.tgz
657 verbose tar unpacking to /Users/KiddFeral/Desktop/Code/Javascript/MEAN/discussionBoard/node_modules/.staging/type-is-41fc6671
658 silly gentlyRm /Users/KiddFeral/Desktop/Code/Javascript/MEAN/discussionBoard/node_modules/.staging/type-is-41fc6671 is being purged
659 verbose gentlyRm don't care about contents; nuking /Users/KiddFeral/Desktop/Code/Javascript/MEAN/discussionBoard/node_modules/.staging/type-is-41fc6671
660 verbose tar unpack /Users/KiddFeral/.npm/bytes/2.4.0/package.tgz
661 verbose tar unpacking to /Users/KiddFeral/Desktop/Code/Javascript/MEAN/discussionBoard/node_modules/.staging/bytes-f8e32a19
662 silly gentlyRm /Users/KiddFeral/Desktop/Code/Javascript/MEAN/discussionBoard/node_modules/.staging/bytes-f8e32a19 is being purged
663 verbose gentlyRm don't care about contents; nuking /Users/KiddFeral/Desktop/Code/Javascript/MEAN/discussionBoard/node_modules/.staging/bytes-f8e32a19
664 verbose tar unpack /Users/KiddFeral/.npm/raw-body/2.1.7/package.tgz
665 verbose tar unpacking to /Users/KiddFeral/Desktop/Code/Javascript/MEAN/discussionBoard/node_modules/.staging/raw-body-907df0df
666 silly gentlyRm /Users/KiddFeral/Desktop/Code/Javascript/MEAN/discussionBoard/node_modules/.staging/raw-body-907df0df is being purged
667 verbose gentlyRm don't care about contents; nuking /Users/KiddFeral/Desktop/Code/Javascript/MEAN/discussionBoard/node_modules/.staging/raw-body-907df0df
668 verbose tar unpack /Users/KiddFeral/.npm/http-errors/1.5.0/package.tgz
669 verbose tar unpacking to /Users/KiddFeral/Desktop/Code/Javascript/MEAN/discussionBoard/node_modules/.staging/http-errors-9acf1c29
670 silly gentlyRm /Users/KiddFeral/Desktop/Code/Javascript/MEAN/discussionBoard/node_modules/.staging/http-errors-9acf1c29 is being purged
671 verbose gentlyRm don't care about contents; nuking /Users/KiddFeral/Desktop/Code/Javascript/MEAN/discussionBoard/node_modules/.staging/http-errors-9acf1c29
672 verbose tar unpack /Users/KiddFeral/.npm/body-parser/1.15.2/package.tgz
673 verbose tar unpacking to /Users/KiddFeral/Desktop/Code/Javascript/MEAN/discussionBoard/node_modules/.staging/body-parser-15ea577d
674 silly gentlyRm /Users/KiddFeral/Desktop/Code/Javascript/MEAN/discussionBoard/node_modules/.staging/body-parser-15ea577d is being purged
675 verbose gentlyRm don't care about contents; nuking /Users/KiddFeral/Desktop/Code/Javascript/MEAN/discussionBoard/node_modules/.staging/body-parser-15ea577d
676 verbose tar unpack /Users/KiddFeral/.npm/setprototypeof/1.0.1/package.tgz
677 verbose tar unpacking to /Users/KiddFeral/Desktop/Code/Javascript/MEAN/discussionBoard/node_modules/.staging/setprototypeof-3ab8a290
678 silly gentlyRm /Users/KiddFeral/Desktop/Code/Javascript/MEAN/discussionBoard/node_modules/.staging/setprototypeof-3ab8a290 is being purged
679 verbose gentlyRm don't care about contents; nuking /Users/KiddFeral/Desktop/Code/Javascript/MEAN/discussionBoard/node_modules/.staging/setprototypeof-3ab8a290
680 silly gunzTarPerm modes [ '755', '644' ]
681 silly gunzTarPerm modes [ '755', '644' ]
682 silly gunzTarPerm modes [ '755', '644' ]
683 silly gunzTarPerm modes [ '755', '644' ]
684 silly gunzTarPerm modes [ '755', '644' ]
685 silly gunzTarPerm modes [ '755', '644' ]
686 silly gunzTarPerm modes [ '755', '644' ]
687 silly gunzTarPerm modes [ '755', '644' ]
688 silly gunzTarPerm modes [ '755', '644' ]
689 silly gunzTarPerm modes [ '755', '644' ]
690 silly gunzTarPerm modes [ '755', '644' ]
691 verbose unbuild node_modules/.staging/mongoose-deep-populate-95181e9f
692 silly gunzTarPerm extractEntry package.json
693 silly gunzTarPerm modified mode [ 'package.json', 438, 420 ]
694 silly gunzTarPerm extractEntry package.json
695 silly gunzTarPerm modified mode [ 'package.json', 438, 420 ]
696 silly gunzTarPerm extractEntry package.json
697 silly gunzTarPerm modified mode [ 'package.json', 438, 420 ]
698 silly gunzTarPerm extractEntry package.json
699 silly gunzTarPerm extractEntry package.json
700 silly gunzTarPerm modified mode [ 'package.json', 438, 420 ]
701 silly gunzTarPerm extractEntry package.json
702 silly gunzTarPerm modified mode [ 'package.json', 438, 420 ]
703 silly gunzTarPerm extractEntry package.json
704 silly gunzTarPerm modified mode [ 'package.json', 438, 420 ]
705 silly gunzTarPerm extractEntry package.json
706 silly gunzTarPerm modified mode [ 'package.json', 438, 420 ]
707 silly gunzTarPerm extractEntry package.json
708 silly gunzTarPerm modified mode [ 'package.json', 438, 420 ]
709 silly gunzTarPerm extractEntry package.json
710 silly gunzTarPerm modified mode [ 'package.json', 438, 420 ]
711 silly gentlyRm /Users/KiddFeral/Desktop/Code/Javascript/MEAN/discussionBoard/node_modules/.staging/mongoose-deep-populate-95181e9f is being purged from base /Users/KiddFeral/Desktop/Code/Javascript/MEAN/discussionBoard
712 verbose gentlyRm don't care about contents; nuking /Users/KiddFeral/Desktop/Code/Javascript/MEAN/discussionBoard/node_modules/.staging/mongoose-deep-populate-95181e9f
713 silly gunzTarPerm extractEntry package.json
714 verbose tar unpack /Users/KiddFeral/.npm/mongoose-deep-populate/2.0.3/package.tgz
715 verbose tar unpacking to /Users/KiddFeral/Desktop/Code/Javascript/MEAN/discussionBoard/node_modules/.staging/mongoose-deep-populate-95181e9f
716 silly gentlyRm /Users/KiddFeral/Desktop/Code/Javascript/MEAN/discussionBoard/node_modules/.staging/mongoose-deep-populate-95181e9f is being purged
717 verbose gentlyRm don't care about contents; nuking /Users/KiddFeral/Desktop/Code/Javascript/MEAN/discussionBoard/node_modules/.staging/mongoose-deep-populate-95181e9f
718 silly gunzTarPerm modes [ '755', '644' ]
719 error tar.unpack error reading /Users/KiddFeral/.npm/mongoose-deep-populate/2.0.3/package.tgz
720 silly gunzTarPerm extractEntry README.md
721 silly gunzTarPerm modified mode [ 'README.md', 438, 420 ]
722 silly gunzTarPerm extractEntry LICENSE
723 silly gunzTarPerm modified mode [ 'LICENSE', 438, 420 ]
724 silly gunzTarPerm extractEntry README.md
725 silly gunzTarPerm modified mode [ 'README.md', 438, 420 ]
726 silly gunzTarPerm extractEntry LICENSE
727 silly gunzTarPerm modified mode [ 'LICENSE', 438, 420 ]
728 silly gunzTarPerm extractEntry README.md
729 silly gunzTarPerm modified mode [ 'README.md', 438, 420 ]
730 silly gunzTarPerm extractEntry LICENSE
731 silly gunzTarPerm modified mode [ 'LICENSE', 438, 420 ]
732 silly gunzTarPerm extractEntry LICENSE
733 silly gunzTarPerm extractEntry .eslintignore
734 silly gunzTarPerm extractEntry README.md
735 silly gunzTarPerm modified mode [ 'README.md', 438, 420 ]
736 silly gunzTarPerm extractEntry LICENSE
737 silly gunzTarPerm modified mode [ 'LICENSE', 438, 420 ]
738 silly gunzTarPerm extractEntry README.md
739 silly gunzTarPerm modified mode [ 'README.md', 438, 420 ]
740 silly gunzTarPerm extractEntry LICENSE
741 silly gunzTarPerm modified mode [ 'LICENSE', 438, 420 ]
742 silly gunzTarPerm extractEntry README.md
743 silly gunzTarPerm modified mode [ 'README.md', 438, 420 ]
744 silly gunzTarPerm extractEntry LICENSE
745 silly gunzTarPerm modified mode [ 'LICENSE', 438, 420 ]
746 silly gunzTarPerm extractEntry LICENSE
747 silly gunzTarPerm modified mode [ 'LICENSE', 438, 420 ]
748 silly gunzTarPerm extractEntry index.js
749 silly gunzTarPerm modified mode [ 'index.js', 438, 420 ]
750 silly gunzTarPerm extractEntry README.md
751 silly gunzTarPerm modified mode [ 'README.md', 438, 420 ]
752 silly gunzTarPerm extractEntry LICENSE
753 silly gunzTarPerm modified mode [ 'LICENSE', 438, 420 ]
754 silly gunzTarPerm extractEntry index.js
755 silly gunzTarPerm modified mode [ 'index.js', 438, 420 ]
756 silly gunzTarPerm extractEntry HISTORY.md
757 silly gunzTarPerm modified mode [ 'HISTORY.md', 438, 420 ]
758 silly gunzTarPerm extractEntry lib/read.js
759 silly gunzTarPerm modified mode [ 'lib/read.js', 438, 420 ]
760 silly gunzTarPerm extractEntry lib/types/json.js
761 silly gunzTarPerm modified mode [ 'lib/types/json.js', 438, 420 ]
762 silly gunzTarPerm extractEntry lib/types/raw.js
763 silly gunzTarPerm modified mode [ 'lib/types/raw.js', 438, 420 ]
764 silly gunzTarPerm extractEntry lib/types/text.js
765 silly gunzTarPerm modified mode [ 'lib/types/text.js', 438, 420 ]
766 silly gunzTarPerm extractEntry lib/types/urlencoded.js
767 silly gunzTarPerm modified mode [ 'lib/types/urlencoded.js', 438, 420 ]
768 silly gunzTarPerm extractEntry README.md
769 silly gunzTarPerm modified mode [ 'README.md', 438, 420 ]
770 silly gunzTarPerm extractEntry LICENSE
771 silly gunzTarPerm modified mode [ 'LICENSE', 438, 420 ]
772 silly gunzTarPerm extractEntry README.md
773 silly gunzTarPerm extractEntry LICENSE
774 silly gunzTarPerm extractEntry index.js
775 silly gunzTarPerm modified mode [ 'index.js', 438, 420 ]
776 silly gunzTarPerm extractEntry HISTORY.md
777 silly gunzTarPerm modified mode [ 'HISTORY.md', 438, 420 ]
778 silly gunzTarPerm extractEntry index.js
779 silly gunzTarPerm modified mode [ 'index.js', 438, 420 ]
780 silly gunzTarPerm extractEntry db.json
781 silly gunzTarPerm modified mode [ 'db.json', 438, 420 ]
782 silly gunzTarPerm extractEntry index.js
783 silly gunzTarPerm modified mode [ 'index.js', 438, 420 ]
784 silly gunzTarPerm extractEntry HISTORY.md
785 silly gunzTarPerm modified mode [ 'HISTORY.md', 438, 420 ]
786 silly gunzTarPerm extractEntry CHANGELOG.md
787 silly gunzTarPerm extractEntry CONTRIBUTING.md
788 silly gunzTarPerm extractEntry index.js
789 silly gunzTarPerm modified mode [ 'index.js', 438, 420 ]
790 silly gunzTarPerm extractEntry HISTORY.md
791 silly gunzTarPerm modified mode [ 'HISTORY.md', 438, 420 ]
792 silly gunzTarPerm extractEntry index.js
793 silly gunzTarPerm modified mode [ 'index.js', 438, 420 ]
794 silly gunzTarPerm extractEntry HISTORY.md
795 silly gunzTarPerm modified mode [ 'HISTORY.md', 438, 420 ]
796 silly gunzTarPerm extractEntry index.js
797 silly gunzTarPerm modified mode [ 'index.js', 438, 420 ]
798 silly gunzTarPerm extractEntry HISTORY.md
799 silly gunzTarPerm modified mode [ 'HISTORY.md', 438, 420 ]
800 silly gunzTarPerm extractEntry History.md
801 silly gunzTarPerm modified mode [ 'History.md', 438, 420 ]
802 silly gunzTarPerm extractEntry Readme.md
803 silly gunzTarPerm modified mode [ 'Readme.md', 438, 420 ]
804 silly gunzTarPerm extractEntry index.js
805 silly gunzTarPerm modified mode [ 'index.js', 438, 420 ]
806 silly gunzTarPerm extractEntry HISTORY.md
807 silly gunzTarPerm modified mode [ 'HISTORY.md', 438, 420 ]
808 silly gunzTarPerm extractEntry index.js
809 silly gunzTarPerm extractEntry .eslintrc
810 silly gunzTarPerm extractEntry dist/qs.js
811 silly gunzTarPerm extractEntry lib/index.js
812 silly gunzTarPerm extractEntry lib/parse.js
813 silly gunzTarPerm extractEntry lib/stringify.js
814 silly gunzTarPerm extractEntry lib/utils.js
815 silly gunzTarPerm extractEntry .jscs.json
816 silly gunzTarPerm extractEntry test/index.js
817 silly gunzTarPerm extractEntry test/parse.js
818 silly gunzTarPerm extractEntry test/stringify.js
819 silly gunzTarPerm extractEntry test/utils.js
820 silly gunzTarPerm extractEntry codes.json
821 silly gunzTarPerm modified mode [ 'codes.json', 438, 420 ]
822 silly gunzTarPerm extractEntry HISTORY.md
823 silly gunzTarPerm modified mode [ 'HISTORY.md', 438, 420 ]
824 silly gentlyRm /Users/KiddFeral/Desktop/Code/Javascript/MEAN/discussionBoard/node_modules/.staging/setprototypeof-3ab8a290/node_modules is being purged
825 verbose gentlyRm don't care about contents; nuking /Users/KiddFeral/Desktop/Code/Javascript/MEAN/discussionBoard/node_modules/.staging/setprototypeof-3ab8a290/node_modules
826 silly gentlyRm /Users/KiddFeral/Desktop/Code/Javascript/MEAN/discussionBoard/node_modules/.staging/type-is-41fc6671/node_modules is being purged
827 verbose gentlyRm don't care about contents; nuking /Users/KiddFeral/Desktop/Code/Javascript/MEAN/discussionBoard/node_modules/.staging/type-is-41fc6671/node_modules
828 silly gentlyRm /Users/KiddFeral/Desktop/Code/Javascript/MEAN/discussionBoard/node_modules/.staging/content-type-f26bab77/node_modules is being purged
829 verbose gentlyRm don't care about contents; nuking /Users/KiddFeral/Desktop/Code/Javascript/MEAN/discussionBoard/node_modules/.staging/content-type-f26bab77/node_modules
830 silly gentlyRm /Users/KiddFeral/Desktop/Code/Javascript/MEAN/discussionBoard/node_modules/.staging/raw-body-907df0df/node_modules is being purged
831 verbose gentlyRm don't care about contents; nuking /Users/KiddFeral/Desktop/Code/Javascript/MEAN/discussionBoard/node_modules/.staging/raw-body-907df0df/node_modules
832 silly gentlyRm /Users/KiddFeral/Desktop/Code/Javascript/MEAN/discussionBoard/node_modules/.staging/mime-types-96ea856b/node_modules is being purged
833 verbose gentlyRm don't care about contents; nuking /Users/KiddFeral/Desktop/Code/Javascript/MEAN/discussionBoard/node_modules/.staging/mime-types-96ea856b/node_modules
834 silly gentlyRm /Users/KiddFeral/Desktop/Code/Javascript/MEAN/discussionBoard/node_modules/.staging/http-errors-9acf1c29/node_modules is being purged
835 verbose gentlyRm don't care about contents; nuking /Users/KiddFeral/Desktop/Code/Javascript/MEAN/discussionBoard/node_modules/.staging/http-errors-9acf1c29/node_modules
836 silly gentlyRm /Users/KiddFeral/Desktop/Code/Javascript/MEAN/discussionBoard/node_modules/.staging/bytes-f8e32a19/node_modules is being purged
837 verbose gentlyRm don't care about contents; nuking /Users/KiddFeral/Desktop/Code/Javascript/MEAN/discussionBoard/node_modules/.staging/bytes-f8e32a19/node_modules
838 silly gentlyRm /Users/KiddFeral/Desktop/Code/Javascript/MEAN/discussionBoard/node_modules/.staging/statuses-a471f161/node_modules is being purged
839 verbose gentlyRm don't care about contents; nuking /Users/KiddFeral/Desktop/Code/Javascript/MEAN/discussionBoard/node_modules/.staging/statuses-a471f161/node_modules
840 silly gentlyRm /Users/KiddFeral/Desktop/Code/Javascript/MEAN/discussionBoard/node_modules/.staging/mime-db-983a5226/node_modules is being purged
841 verbose gentlyRm don't care about contents; nuking /Users/KiddFeral/Desktop/Code/Javascript/MEAN/discussionBoard/node_modules/.staging/mime-db-983a5226/node_modules
842 silly gentlyRm /Users/KiddFeral/Desktop/Code/Javascript/MEAN/discussionBoard/node_modules/.staging/body-parser-15ea577d/node_modules is being purged
843 verbose gentlyRm don't care about contents; nuking /Users/KiddFeral/Desktop/Code/Javascript/MEAN/discussionBoard/node_modules/.staging/body-parser-15ea577d/node_modules
844 silly gentlyRm /Users/KiddFeral/Desktop/Code/Javascript/MEAN/discussionBoard/node_modules/.staging/qs-729f7d37/node_modules is being purged
845 verbose gentlyRm don't care about contents; nuking /Users/KiddFeral/Desktop/Code/Javascript/MEAN/discussionBoard/node_modules/.staging/qs-729f7d37/node_modules
846 verbose unlock done using /Users/KiddFeral/.npm/_locks/staging-0b947cb36e9b086e.lock for /Users/KiddFeral/Desktop/Code/Javascript/MEAN/discussionBoard/node_modules/.staging
847 silly rollbackFailedOptional Starting
848 silly rollbackFailedOptional Finishing
849 silly runTopLevelLifecycles Starting
850 silly runTopLevelLifecycles Finishing
851 silly install printInstalled
852 warn discussionBoard@1.0.0 No description
853 warn discussionBoard@1.0.0 No repository field.
854 verbose stack Error: ENOENT: no such file or directory, open '/Users/KiddFeral/.npm/mongoose-deep-populate/2.0.3/package.tgz'
854 verbose stack     at Error (native)
855 verbose cwd /Users/KiddFeral/Desktop/Code/Javascript/MEAN/discussionBoard
856 error Darwin 15.5.0
857 error argv "/usr/local/bin/node" "/usr/local/bin/npm" "i" "--save" "body-parser"
858 error node v5.10.1
859 error npm  v3.8.3
860 error path /Users/KiddFeral/.npm/mongoose-deep-populate/2.0.3/package.tgz
861 error code ENOENT
862 error errno -2
863 error syscall open
864 error enoent ENOENT: no such file or directory, open '/Users/KiddFeral/.npm/mongoose-deep-populate/2.0.3/package.tgz'
865 error enoent ENOENT: no such file or directory, open '/Users/KiddFeral/.npm/mongoose-deep-populate/2.0.3/package.tgz'
865 error enoent This is most likely not a problem with npm itself
865 error enoent and is related to npm not being able to find a file.
866 verbose exit [ -2, true ]
